23-Sep-2016 09:12:03 CDT  Initiating request to open file root://cmsxrootd-site.fnal.gov//store/relval/CMSSW_8_1_0_pre9/RelValTenMuE_0_200/GEN-SIM-RECO/PU25ns_81X_mcRun2_asymptotic_v2_2023tiltedPU140-v1/10000/028F97F4-3556-E611-8EBD-0CC47A4D7662.root
23-Sep-2016 09:12:08 CDT  Successfully opened file root://cmsxrootd-site.fnal.gov//store/relval/CMSSW_8_1_0_pre9/RelValTenMuE_0_200/GEN-SIM-RECO/PU25ns_81X_mcRun2_asymptotic_v2_2023tiltedPU140-v1/10000/028F97F4-3556-E611-8EBD-0CC47A4D7662.root
Begin processing the 1st record. Run 1, Event 7103, LumiSection 72 at 23-Sep-2016 09:13:21.082 CDT
Begin processing the 11th record. Run 1, Event 7111, LumiSection 72 at 23-Sep-2016 09:13:23.355 CDT
Begin processing the 21st record. Run 1, Event 7119, LumiSection 72 at 23-Sep-2016 09:13:24.347 CDT
Begin processing the 31st record. Run 1, Event 7132, LumiSection 72 at 23-Sep-2016 09:13:26.533 CDT
Begin processing the 41st record. Run 1, Event 7144, LumiSection 72 at 23-Sep-2016 09:13:27.427 CDT
Begin processing the 51st record. Run 1, Event 7152, LumiSection 72 at 23-Sep-2016 09:13:28.006 CDT
Begin processing the 61st record. Run 1, Event 7160, LumiSection 72 at 23-Sep-2016 09:13:30.773 CDT
Begin processing the 71st record. Run 1, Event 7170, LumiSection 72 at 23-Sep-2016 09:13:31.661 CDT
Begin processing the 81st record. Run 1, Event 7182, LumiSection 72 at 23-Sep-2016 09:13:32.282 CDT
Begin processing the 91st record. Run 1, Event 7191, LumiSection 72 at 23-Sep-2016 09:13:33.877 CDT
23-Sep-2016 09:13:34 CDT  Closed file root://cmsxrootd-site.fnal.gov//store/relval/CMSSW_8_1_0_pre9/RelValTenMuE_0_200/GEN-SIM-RECO/PU25ns_81X_mcRun2_asymptotic_v2_2023tiltedPU140-v1/10000/028F97F4-3556-E611-8EBD-0CC47A4D7662.root
23-Sep-2016 09:13:34 CDT  Initiating request to open file root://cmsxrootd-site.fnal.gov//store/relval/CMSSW_8_1_0_pre9/RelValTenMuE_0_200/GEN-SIM-RECO/PU25ns_81X_mcRun2_asymptotic_v2_2023tiltedPU140-v1/10000/0417C565-3556-E611-A909-003048FFCBB8.root
23-Sep-2016 09:13:35 CDT  Successfully opened file root://cmsxrootd-site.fnal.gov//store/relval/CMSSW_8_1_0_pre9/RelValTenMuE_0_200/GEN-SIM-RECO/PU25ns_81X_mcRun2_asymptotic_v2_2023tiltedPU140-v1/10000/0417C565-3556-E611-A909-003048FFCBB8.root
Begin processing the 101st record. Run 1, Event 6006, LumiSection 61 at 23-Sep-2016 09:13:37.786 CDT
Begin processing the 111th record. Run 1, Event 6012, LumiSection 61 at 23-Sep-2016 09:13:40.480 CDT
Begin processing the 121st record. Run 1, Event 6023, LumiSection 61 at 23-Sep-2016 09:13:41.222 CDT
Begin processing the 131st record. Run 1, Event 6032, LumiSection 61 at 23-Sep-2016 09:13:43.824 CDT
Begin processing the 141st record. Run 1, Event 6041, LumiSection 61 at 23-Sep-2016 09:13:44.953 CDT
Begin processing the 151st record. Run 1, Event 6050, LumiSection 61 at 23-Sep-2016 09:13:45.726 CDT
Begin processing the 161st record. Run 1, Event 6058, LumiSection 61 at 23-Sep-2016 09:13:48.358 CDT
Begin processing the 171st record. Run 1, Event 6070, LumiSection 61 at 23-Sep-2016 09:13:49.563 CDT
Begin processing the 181st record. Run 1, Event 6081, LumiSection 61 at 23-Sep-2016 09:13:50.735 CDT
Begin processing the 191st record. Run 1, Event 6093, LumiSection 61 at 23-Sep-2016 09:13:52.472 CDT
23-Sep-2016 09:13:53 CDT  Closed file root://cmsxrootd-site.fnal.gov//store/relval/CMSSW_8_1_0_pre9/RelValTenMuE_0_200/GEN-SIM-RECO/PU25ns_81X_mcRun2_asymptotic_v2_2023tiltedPU140-v1/10000/0417C565-3556-E611-A909-003048FFCBB8.root
23-Sep-2016 09:13:53 CDT  Initiating request to open file root://cmsxrootd-site.fnal.gov//store/relval/CMSSW_8_1_0_pre9/RelValTenMuE_0_200/GEN-SIM-RECO/PU25ns_81X_mcRun2_asymptotic_v2_2023tiltedPU140-v1/10000/0A3F333F-3356-E611-98A4-0CC47A4D7654.root
23-Sep-2016 09:13:54 CDT  Successfully opened file root://cmsxrootd-site.fnal.gov//store/relval/CMSSW_8_1_0_pre9/RelValTenMuE_0_200/GEN-SIM-RECO/PU25ns_81X_mcRun2_asymptotic_v2_2023tiltedPU140-v1/10000/0A3F333F-3356-E611-98A4-0CC47A4D7654.root
Begin processing the 201st record. Run 1, Event 2903, LumiSection 30 at 23-Sep-2016 09:13:56.961 CDT
Begin processing the 211th record. Run 1, Event 2913, LumiSection 30 at 23-Sep-2016 09:14:00.100 CDT
Begin processing the 221st record. Run 1, Event 2920, LumiSection 30 at 23-Sep-2016 09:14:00.722 CDT
Begin processing the 231st record. Run 1, Event 2931, LumiSection 30 at 23-Sep-2016 09:14:03.282 CDT
Begin processing the 241st record. Run 1, Event 2939, LumiSection 30 at 23-Sep-2016 09:14:04.043 CDT
Begin processing the 251st record. Run 1, Event 2954, LumiSection 30 at 23-Sep-2016 09:14:04.727 CDT
Begin processing the 261st record. Run 1, Event 2962, LumiSection 30 at 23-Sep-2016 09:14:07.340 CDT
Begin processing the 271st record. Run 1, Event 2968, LumiSection 30 at 23-Sep-2016 09:14:08.157 CDT
Begin processing the 281st record. Run 1, Event 2981, LumiSection 30 at 23-Sep-2016 09:14:08.783 CDT
Begin processing the 291st record. Run 1, Event 2988, LumiSection 30 at 23-Sep-2016 09:14:10.458 CDT
23-Sep-2016 09:14:11 CDT  Closed file root://cmsxrootd-site.fnal.gov//store/relval/CMSSW_8_1_0_pre9/RelValTenMuE_0_200/GEN-SIM-RECO/PU25ns_81X_mcRun2_asymptotic_v2_2023tiltedPU140-v1/10000/0A3F333F-3356-E611-98A4-0CC47A4D7654.root
23-Sep-2016 09:14:11 CDT  Initiating request to open file root://cmsxrootd-site.fnal.gov//store/relval/CMSSW_8_1_0_pre9/RelValTenMuE_0_200/GEN-SIM-RECO/PU25ns_81X_mcRun2_asymptotic_v2_2023tiltedPU140-v1/10000/0A586ECD-3756-E611-8145-0025905A6118.root
23-Sep-2016 09:14:12 CDT  Successfully opened file root://cmsxrootd-site.fnal.gov//store/relval/CMSSW_8_1_0_pre9/RelValTenMuE_0_200/GEN-SIM-RECO/PU25ns_81X_mcRun2_asymptotic_v2_2023tiltedPU140-v1/10000/0A586ECD-3756-E611-8145-0025905A6118.root
Begin processing the 301st record. Run 1, Event 8807, LumiSection 89 at 23-Sep-2016 09:14:14.814 CDT
Begin processing the 311th record. Run 1, Event 8812, LumiSection 89 at 23-Sep-2016 09:14:17.922 CDT
Begin processing the 321st record. Run 1, Event 8821, LumiSection 89 at 23-Sep-2016 09:14:18.513 CDT
Begin processing the 331st record. Run 1, Event 8831, LumiSection 89 at 23-Sep-2016 09:14:20.725 CDT
Begin processing the 341st record. Run 1, Event 8841, LumiSection 89 at 23-Sep-2016 09:14:21.417 CDT
Begin processing the 351st record. Run 1, Event 8852, LumiSection 89 at 23-Sep-2016 09:14:22.209 CDT
Begin processing the 361st record. Run 1, Event 8860, LumiSection 89 at 23-Sep-2016 09:14:25.495 CDT
Begin processing the 371st record. Run 1, Event 8869, LumiSection 89 at 23-Sep-2016 09:14:26.258 CDT
Begin processing the 381st record. Run 1, Event 8883, LumiSection 89 at 23-Sep-2016 09:14:26.859 CDT
Begin processing the 391st record. Run 1, Event 8890, LumiSection 89 at 23-Sep-2016 09:14:28.664 CDT
23-Sep-2016 09:14:29 CDT  Closed file root://cmsxrootd-site.fnal.gov//store/relval/CMSSW_8_1_0_pre9/RelValTenMuE_0_200/GEN-SIM-RECO/PU25ns_81X_mcRun2_asymptotic_v2_2023tiltedPU140-v1/10000/0A586ECD-3756-E611-8145-0025905A6118.root
23-Sep-2016 09:14:29 CDT  Initiating request to open file root://cmsxrootd-site.fnal.gov//store/relval/CMSSW_8_1_0_pre9/RelValTenMuE_0_200/GEN-SIM-RECO/PU25ns_81X_mcRun2_asymptotic_v2_2023tiltedPU140-v1/10000/0C469698-4056-E611-AFEA-0025905A6110.root
23-Sep-2016 09:14:30 CDT  Successfully opened file root://cmsxrootd-site.fnal.gov//store/relval/CMSSW_8_1_0_pre9/RelValTenMuE_0_200/GEN-SIM-RECO/PU25ns_81X_mcRun2_asymptotic_v2_2023tiltedPU140-v1/10000/0C469698-4056-E611-AFEA-0025905A6110.root
Begin processing the 401st record. Run 1, Event 2803, LumiSection 29 at 23-Sep-2016 09:14:32.976 CDT
Begin processing the 411th record. Run 1, Event 2812, LumiSection 29 at 23-Sep-2016 09:14:35.493 CDT
Begin processing the 421st record. Run 1, Event 2819, LumiSection 29 at 23-Sep-2016 09:14:36.178 CDT
Begin processing the 431st record. Run 1, Event 2833, LumiSection 29 at 23-Sep-2016 09:14:36.737 CDT
Begin processing the 441st record. Run 1, Event 2839, LumiSection 29 at 23-Sep-2016 09:14:39.354 CDT
Begin processing the 451st record. Run 1, Event 2852, LumiSection 29 at 23-Sep-2016 09:14:40.391 CDT
Begin processing the 461st record. Run 1, Event 2863, LumiSection 29 at 23-Sep-2016 09:14:43.124 CDT
Begin processing the 471st record. Run 1, Event 2871, LumiSection 29 at 23-Sep-2016 09:14:44.021 CDT
Begin processing the 481st record. Run 1, Event 2885, LumiSection 29 at 23-Sep-2016 09:14:44.645 CDT
Begin processing the 491st record. Run 1, Event 2893, LumiSection 29 at 23-Sep-2016 09:14:45.487 CDT
23-Sep-2016 09:14:46 CDT  Closed file root://cmsxrootd-site.fnal.gov//store/relval/CMSSW_8_1_0_pre9/RelValTenMuE_0_200/GEN-SIM-RECO/PU25ns_81X_mcRun2_asymptotic_v2_2023tiltedPU140-v1/10000/0C469698-4056-E611-AFEA-0025905A6110.root
23-Sep-2016 09:14:46 CDT  Initiating request to open file root://cmsxrootd-site.fnal.gov//store/relval/CMSSW_8_1_0_pre9/RelValTenMuE_0_200/GEN-SIM-RECO/PU25ns_81X_mcRun2_asymptotic_v2_2023tiltedPU140-v1/10000/0E9CD387-3456-E611-9BC2-0025905A60EE.root
23-Sep-2016 09:14:47 CDT  Successfully opened file root://cmsxrootd-site.fnal.gov//store/relval/CMSSW_8_1_0_pre9/RelValTenMuE_0_200/GEN-SIM-RECO/PU25ns_81X_mcRun2_asymptotic_v2_2023tiltedPU140-v1/10000/0E9CD387-3456-E611-9BC2-0025905A60EE.root
Begin processing the 501st record. Run 1, Event 2202, LumiSection 23 at 23-Sep-2016 09:14:50.849 CDT
Begin processing the 511th record. Run 1, Event 2213, LumiSection 23 at 23-Sep-2016 09:14:51.894 CDT
Begin processing the 521st record. Run 1, Event 2221, LumiSection 23 at 23-Sep-2016 09:14:52.994 CDT
Begin processing the 531st record. Run 1, Event 2231, LumiSection 23 at 23-Sep-2016 09:14:54.892 CDT
Begin processing the 541st record. Run 1, Event 2242, LumiSection 23 at 23-Sep-2016 09:14:55.747 CDT
Begin processing the 551st record. Run 1, Event 2250, LumiSection 23 at 23-Sep-2016 09:14:56.688 CDT
Begin processing the 561st record. Run 1, Event 2263, LumiSection 23 at 23-Sep-2016 09:14:58.630 CDT
Begin processing the 571st record. Run 1, Event 2275, LumiSection 23 at 23-Sep-2016 09:14:59.512 CDT
Begin processing the 581st record. Run 1, Event 2283, LumiSection 23 at 23-Sep-2016 09:15:00.133 CDT
Begin processing the 591st record. Run 1, Event 2289, LumiSection 23 at 23-Sep-2016 09:15:01.038 CDT
23-Sep-2016 09:15:01 CDT  Closed file root://cmsxrootd-site.fnal.gov//store/relval/CMSSW_8_1_0_pre9/RelValTenMuE_0_200/GEN-SIM-RECO/PU25ns_81X_mcRun2_asymptotic_v2_2023tiltedPU140-v1/10000/0E9CD387-3456-E611-9BC2-0025905A60EE.root
23-Sep-2016 09:15:01 CDT  Initiating request to open file root://cmsxrootd-site.fnal.gov//store/relval/CMSSW_8_1_0_pre9/RelValTenMuE_0_200/GEN-SIM-RECO/PU25ns_81X_mcRun2_asymptotic_v2_2023tiltedPU140-v1/10000/0EBD75B0-3456-E611-9D0E-0CC47A4D760A.root
23-Sep-2016 09:15:02 CDT  Successfully opened file root://cmsxrootd-site.fnal.gov//store/relval/CMSSW_8_1_0_pre9/RelValTenMuE_0_200/GEN-SIM-RECO/PU25ns_81X_mcRun2_asymptotic_v2_2023tiltedPU140-v1/10000/0EBD75B0-3456-E611-9D0E-0CC47A4D760A.root
Begin processing the 601st record. Run 1, Event 3701, LumiSection 38 at 23-Sep-2016 09:15:06.398 CDT
Begin processing the 611th record. Run 1, Event 3712, LumiSection 38 at 23-Sep-2016 09:15:07.500 CDT
Begin processing the 621st record. Run 1, Event 3725, LumiSection 38 at 23-Sep-2016 09:15:08.276 CDT
Begin processing the 631st record. Run 1, Event 3736, LumiSection 38 at 23-Sep-2016 09:15:10.289 CDT
Begin processing the 641st record. Run 1, Event 3738, LumiSection 38 at 23-Sep-2016 09:15:11.088 CDT
Begin processing the 651st record. Run 1, Event 3754, LumiSection 38 at 23-Sep-2016 09:15:11.924 CDT
Begin processing the 661st record. Run 1, Event 3760, LumiSection 38 at 23-Sep-2016 09:15:13.744 CDT
Begin processing the 671st record. Run 1, Event 3769, LumiSection 38 at 23-Sep-2016 09:15:14.638 CDT
Begin processing the 681st record. Run 1, Event 3782, LumiSection 38 at 23-Sep-2016 09:15:15.579 CDT
Begin processing the 691st record. Run 1, Event 3795, LumiSection 38 at 23-Sep-2016 09:15:16.797 CDT
23-Sep-2016 09:15:17 CDT  Closed file root://cmsxrootd-site.fnal.gov//store/relval/CMSSW_8_1_0_pre9/RelValTenMuE_0_200/GEN-SIM-RECO/PU25ns_81X_mcRun2_asymptotic_v2_2023tiltedPU140-v1/10000/0EBD75B0-3456-E611-9D0E-0CC47A4D760A.root
23-Sep-2016 09:15:17 CDT  Initiating request to open file root://cmsxrootd-site.fnal.gov//store/relval/CMSSW_8_1_0_pre9/RelValTenMuE_0_200/GEN-SIM-RECO/PU25ns_81X_mcRun2_asymptotic_v2_2023tiltedPU140-v1/10000/124F584A-3156-E611-A71B-0CC47A78A418.root
23-Sep-2016 09:15:18 CDT  Successfully opened file root://cmsxrootd-site.fnal.gov//store/relval/CMSSW_8_1_0_pre9/RelValTenMuE_0_200/GEN-SIM-RECO/PU25ns_81X_mcRun2_asymptotic_v2_2023tiltedPU140-v1/10000/124F584A-3156-E611-A71B-0CC47A78A418.root
Begin processing the 701st record. Run 1, Event 6802, LumiSection 69 at 23-Sep-2016 09:15:23.152 CDT
Begin processing the 711th record. Run 1, Event 6813, LumiSection 69 at 23-Sep-2016 09:15:24.025 CDT
Begin processing the 721st record. Run 1, Event 6821, LumiSection 69 at 23-Sep-2016 09:15:24.908 CDT
Begin processing the 731st record. Run 1, Event 6833, LumiSection 69 at 23-Sep-2016 09:15:28.604 CDT
Begin processing the 741st record. Run 1, Event 6840, LumiSection 69 at 23-Sep-2016 09:15:29.867 CDT
Begin processing the 751st record. Run 1, Event 6853, LumiSection 69 at 23-Sep-2016 09:15:30.862 CDT
Begin processing the 761st record. Run 1, Event 6862, LumiSection 69 at 23-Sep-2016 09:15:35.002 CDT
Begin processing the 771st record. Run 1, Event 6875, LumiSection 69 at 23-Sep-2016 09:15:36.190 CDT
Begin processing the 781st record. Run 1, Event 6883, LumiSection 69 at 23-Sep-2016 09:15:37.062 CDT
Begin processing the 791st record. Run 1, Event 6894, LumiSection 69 at 23-Sep-2016 09:15:39.129 CDT
23-Sep-2016 09:15:40 CDT  Closed file root://cmsxrootd-site.fnal.gov//store/relval/CMSSW_8_1_0_pre9/RelValTenMuE_0_200/GEN-SIM-RECO/PU25ns_81X_mcRun2_asymptotic_v2_2023tiltedPU140-v1/10000/124F584A-3156-E611-A71B-0CC47A78A418.root
23-Sep-2016 09:15:40 CDT  Initiating request to open file root://cmsxrootd-site.fnal.gov//store/relval/CMSSW_8_1_0_pre9/RelValTenMuE_0_200/GEN-SIM-RECO/PU25ns_81X_mcRun2_asymptotic_v2_2023tiltedPU140-v1/10000/14C099FC-3356-E611-AA59-0025905B8596.root
23-Sep-2016 09:15:41 CDT  Successfully opened file root://cmsxrootd-site.fnal.gov//store/relval/CMSSW_8_1_0_pre9/RelValTenMuE_0_200/GEN-SIM-RECO/PU25ns_81X_mcRun2_asymptotic_v2_2023tiltedPU140-v1/10000/14C099FC-3356-E611-AA59-0025905B8596.root
Begin processing the 801st record. Run 1, Event 9402, LumiSection 95 at 23-Sep-2016 09:15:48.069 CDT
Begin processing the 811th record. Run 1, Event 9408, LumiSection 95 at 23-Sep-2016 09:15:48.794 CDT
Begin processing the 821st record. Run 1, Event 9423, LumiSection 95 at 23-Sep-2016 09:15:49.983 CDT
Begin processing the 831st record. Run 1, Event 9434, LumiSection 95 at 23-Sep-2016 09:15:55.147 CDT
Begin processing the 841st record. Run 1, Event 9443, LumiSection 95 at 23-Sep-2016 09:15:56.559 CDT
Begin processing the 851st record. Run 1, Event 9452, LumiSection 95 at 23-Sep-2016 09:15:57.358 CDT
Begin processing the 861st record. Run 1, Event 9466, LumiSection 95 at 23-Sep-2016 09:16:01.583 CDT
Begin processing the 871st record. Run 1, Event 9472, LumiSection 95 at 23-Sep-2016 09:16:02.665 CDT
Begin processing the 881st record. Run 1, Event 9485, LumiSection 95 at 23-Sep-2016 09:16:03.398 CDT
Begin processing the 891st record. Run 1, Event 9497, LumiSection 95 at 23-Sep-2016 09:16:05.250 CDT
23-Sep-2016 09:16:05 CDT  Closed file root://cmsxrootd-site.fnal.gov//store/relval/CMSSW_8_1_0_pre9/RelValTenMuE_0_200/GEN-SIM-RECO/PU25ns_81X_mcRun2_asymptotic_v2_2023tiltedPU140-v1/10000/14C099FC-3356-E611-AA59-0025905B8596.root
23-Sep-2016 09:16:05 CDT  Initiating request to open file root://cmsxrootd-site.fnal.gov//store/relval/CMSSW_8_1_0_pre9/RelValTenMuE_0_200/GEN-SIM-RECO/PU25ns_81X_mcRun2_asymptotic_v2_2023tiltedPU140-v1/10000/1A811D0D-3356-E611-8F7E-0CC47A4D75F0.root
23-Sep-2016 09:16:07 CDT  Successfully opened file root://cmsxrootd-site.fnal.gov//store/relval/CMSSW_8_1_0_pre9/RelValTenMuE_0_200/GEN-SIM-RECO/PU25ns_81X_mcRun2_asymptotic_v2_2023tiltedPU140-v1/10000/1A811D0D-3356-E611-8F7E-0CC47A4D75F0.root
Begin processing the 901st record. Run 1, Event 6704, LumiSection 68 at 23-Sep-2016 09:16:10.676 CDT
Begin processing the 911th record. Run 1, Event 6711, LumiSection 68 at 23-Sep-2016 09:16:11.757 CDT
Begin processing the 921st record. Run 1, Event 6722, LumiSection 68 at 23-Sep-2016 09:16:12.506 CDT
Begin processing the 931st record. Run 1, Event 6730, LumiSection 68 at 23-Sep-2016 09:16:14.640 CDT
Begin processing the 941st record. Run 1, Event 6742, LumiSection 68 at 23-Sep-2016 09:16:15.506 CDT
Begin processing the 951st record. Run 1, Event 6752, LumiSection 68 at 23-Sep-2016 09:16:16.359 CDT
Begin processing the 961st record. Run 1, Event 6762, LumiSection 68 at 23-Sep-2016 09:16:18.599 CDT
Begin processing the 971st record. Run 1, Event 6774, LumiSection 68 at 23-Sep-2016 09:16:19.230 CDT
Begin processing the 981st record. Run 1, Event 6783, LumiSection 68 at 23-Sep-2016 09:16:19.834 CDT
Begin processing the 991st record. Run 1, Event 6792, LumiSection 68 at 23-Sep-2016 09:16:21.073 CDT
23-Sep-2016 09:16:21 CDT  Closed file root://cmsxrootd-site.fnal.gov//store/relval/CMSSW_8_1_0_pre9/RelValTenMuE_0_200/GEN-SIM-RECO/PU25ns_81X_mcRun2_asymptotic_v2_2023tiltedPU140-v1/10000/1A811D0D-3356-E611-8F7E-0CC47A4D75F0.root
23-Sep-2016 09:16:21 CDT  Initiating request to open file root://cmsxrootd-site.fnal.gov//store/relval/CMSSW_8_1_0_pre9/RelValTenMuE_0_200/GEN-SIM-RECO/PU25ns_81X_mcRun2_asymptotic_v2_2023tiltedPU140-v1/10000/1C10908A-3456-E611-A5F4-0025905B8598.root
23-Sep-2016 09:16:22 CDT  Successfully opened file root://cmsxrootd-site.fnal.gov//store/relval/CMSSW_8_1_0_pre9/RelValTenMuE_0_200/GEN-SIM-RECO/PU25ns_81X_mcRun2_asymptotic_v2_2023tiltedPU140-v1/10000/1C10908A-3456-E611-A5F4-0025905B8598.root
Begin processing the 1001st record. Run 1, Event 9703, LumiSection 98 at 23-Sep-2016 09:16:29.701 CDT
Begin processing the 1011th record. Run 1, Event 9714, LumiSection 98 at 23-Sep-2016 09:16:30.795 CDT
Begin processing the 1021st record. Run 1, Event 9720, LumiSection 98 at 23-Sep-2016 09:16:31.426 CDT
Begin processing the 1031st record. Run 1, Event 9731, LumiSection 98 at 23-Sep-2016 09:16:36.168 CDT
Begin processing the 1041st record. Run 1, Event 9743, LumiSection 98 at 23-Sep-2016 09:16:36.744 CDT
Begin processing the 1051st record. Run 1, Event 9752, LumiSection 98 at 23-Sep-2016 09:16:37.407 CDT
Begin processing the 1061st record. Run 1, Event 9764, LumiSection 98 at 23-Sep-2016 09:16:41.037 CDT
Begin processing the 1071st record. Run 1, Event 9772, LumiSection 98 at 23-Sep-2016 09:16:42.276 CDT
Begin processing the 1081st record. Run 1, Event 9782, LumiSection 98 at 23-Sep-2016 09:16:43.045 CDT
Begin processing the 1091st record. Run 1, Event 9793, LumiSection 98 at 23-Sep-2016 09:16:45.192 CDT
23-Sep-2016 09:16:45 CDT  Closed file root://cmsxrootd-site.fnal.gov//store/relval/CMSSW_8_1_0_pre9/RelValTenMuE_0_200/GEN-SIM-RECO/PU25ns_81X_mcRun2_asymptotic_v2_2023tiltedPU140-v1/10000/1C10908A-3456-E611-A5F4-0025905B8598.root
23-Sep-2016 09:16:45 CDT  Initiating request to open file root://cmsxrootd-site.fnal.gov//store/relval/CMSSW_8_1_0_pre9/RelValTenMuE_0_200/GEN-SIM-RECO/PU25ns_81X_mcRun2_asymptotic_v2_2023tiltedPU140-v1/10000/1CAC9D48-3156-E611-85F6-0CC47A4C8ED8.root
23-Sep-2016 09:16:47 CDT  Successfully opened file root://cmsxrootd-site.fnal.gov//store/relval/CMSSW_8_1_0_pre9/RelValTenMuE_0_200/GEN-SIM-RECO/PU25ns_81X_mcRun2_asymptotic_v2_2023tiltedPU140-v1/10000/1CAC9D48-3156-E611-85F6-0CC47A4C8ED8.root
Begin processing the 1101st record. Run 1, Event 5506, LumiSection 56 at 23-Sep-2016 09:16:50.973 CDT
Begin processing the 1111th record. Run 1, Event 5515, LumiSection 56 at 23-Sep-2016 09:16:52.032 CDT
Begin processing the 1121st record. Run 1, Event 5526, LumiSection 56 at 23-Sep-2016 09:16:52.794 CDT
Begin processing the 1131st record. Run 1, Event 5531, LumiSection 56 at 23-Sep-2016 09:16:55.447 CDT
Begin processing the 1141st record. Run 1, Event 5543, LumiSection 56 at 23-Sep-2016 09:16:56.167 CDT
Begin processing the 1151st record. Run 1, Event 5549, LumiSection 56 at 23-Sep-2016 09:16:56.780 CDT
Begin processing the 1161st record. Run 1, Event 5560, LumiSection 56 at 23-Sep-2016 09:16:59.381 CDT
Begin processing the 1171st record. Run 1, Event 5576, LumiSection 56 at 23-Sep-2016 09:16:59.971 CDT
Begin processing the 1181st record. Run 1, Event 5581, LumiSection 56 at 23-Sep-2016 09:17:00.562 CDT
Begin processing the 1191st record. Run 1, Event 5594, LumiSection 56 at 23-Sep-2016 09:17:02.057 CDT
23-Sep-2016 09:17:03 CDT  Closed file root://cmsxrootd-site.fnal.gov//store/relval/CMSSW_8_1_0_pre9/RelValTenMuE_0_200/GEN-SIM-RECO/PU25ns_81X_mcRun2_asymptotic_v2_2023tiltedPU140-v1/10000/1CAC9D48-3156-E611-85F6-0CC47A4C8ED8.root
23-Sep-2016 09:17:03 CDT  Initiating request to open file root://cmsxrootd-site.fnal.gov//store/relval/CMSSW_8_1_0_pre9/RelValTenMuE_0_200/GEN-SIM-RECO/PU25ns_81X_mcRun2_asymptotic_v2_2023tiltedPU140-v1/10000/24086417-3356-E611-B5D6-0CC47A78A4A0.root
23-Sep-2016 09:17:04 CDT  Successfully opened file root://cmsxrootd-site.fnal.gov//store/relval/CMSSW_8_1_0_pre9/RelValTenMuE_0_200/GEN-SIM-RECO/PU25ns_81X_mcRun2_asymptotic_v2_2023tiltedPU140-v1/10000/24086417-3356-E611-B5D6-0CC47A78A4A0.root
Begin processing the 1201st record. Run 1, Event 402, LumiSection 5 at 23-Sep-2016 09:17:12.304 CDT
Begin processing the 1211th record. Run 1, Event 415, LumiSection 5 at 23-Sep-2016 09:17:13.122 CDT
Begin processing the 1221st record. Run 1, Event 426, LumiSection 5 at 23-Sep-2016 09:17:14.073 CDT
Begin processing the 1231st record. Run 1, Event 432, LumiSection 5 at 23-Sep-2016 09:17:18.054 CDT
Begin processing the 1241st record. Run 1, Event 446, LumiSection 5 at 23-Sep-2016 09:17:18.971 CDT
Begin processing the 1251st record. Run 1, Event 452, LumiSection 5 at 23-Sep-2016 09:17:19.539 CDT
Begin processing the 1261st record. Run 1, Event 462, LumiSection 5 at 23-Sep-2016 09:17:23.747 CDT
Begin processing the 1271st record. Run 1, Event 474, LumiSection 5 at 23-Sep-2016 09:17:24.914 CDT
Begin processing the 1281st record. Run 1, Event 483, LumiSection 5 at 23-Sep-2016 09:17:25.617 CDT
Begin processing the 1291st record. Run 1, Event 491, LumiSection 5 at 23-Sep-2016 09:17:27.181 CDT
23-Sep-2016 09:17:27 CDT  Closed file root://cmsxrootd-site.fnal.gov//store/relval/CMSSW_8_1_0_pre9/RelValTenMuE_0_200/GEN-SIM-RECO/PU25ns_81X_mcRun2_asymptotic_v2_2023tiltedPU140-v1/10000/24086417-3356-E611-B5D6-0CC47A78A4A0.root
23-Sep-2016 09:17:27 CDT  Initiating request to open file root://cmsxrootd-site.fnal.gov//store/relval/CMSSW_8_1_0_pre9/RelValTenMuE_0_200/GEN-SIM-RECO/PU25ns_81X_mcRun2_asymptotic_v2_2023tiltedPU140-v1/10000/2428E434-3456-E611-8D45-0025905A48C0.root
23-Sep-2016 09:17:29 CDT  Successfully opened file root://cmsxrootd-site.fnal.gov//store/relval/CMSSW_8_1_0_pre9/RelValTenMuE_0_200/GEN-SIM-RECO/PU25ns_81X_mcRun2_asymptotic_v2_2023tiltedPU140-v1/10000/2428E434-3456-E611-8D45-0025905A48C0.root
Begin processing the 1301st record. Run 1, Event 1405, LumiSection 15 at 23-Sep-2016 09:17:36.663 CDT
Begin processing the 1311th record. Run 1, Event 1409, LumiSection 15 at 23-Sep-2016 09:17:38.108 CDT
Begin processing the 1321st record. Run 1, Event 1424, LumiSection 15 at 23-Sep-2016 09:17:38.990 CDT
Begin processing the 1331st record. Run 1, Event 1430, LumiSection 15 at 23-Sep-2016 09:17:43.188 CDT
Begin processing the 1341st record. Run 1, Event 1446, LumiSection 15 at 23-Sep-2016 09:17:44.426 CDT
Begin processing the 1351st record. Run 1, Event 1453, LumiSection 15 at 23-Sep-2016 09:17:45.675 CDT
Begin processing the 1361st record. Run 1, Event 1464, LumiSection 15 at 23-Sep-2016 09:17:50.479 CDT
Begin processing the 1371st record. Run 1, Event 1475, LumiSection 15 at 23-Sep-2016 09:17:51.421 CDT
Begin processing the 1381st record. Run 1, Event 1483, LumiSection 15 at 23-Sep-2016 09:17:52.213 CDT
Begin processing the 1391st record. Run 1, Event 1490, LumiSection 15 at 23-Sep-2016 09:17:54.777 CDT
23-Sep-2016 09:17:55 CDT  Closed file root://cmsxrootd-site.fnal.gov//store/relval/CMSSW_8_1_0_pre9/RelValTenMuE_0_200/GEN-SIM-RECO/PU25ns_81X_mcRun2_asymptotic_v2_2023tiltedPU140-v1/10000/2428E434-3456-E611-8D45-0025905A48C0.root
23-Sep-2016 09:17:55 CDT  Initiating request to open file root://cmsxrootd-site.fnal.gov//store/relval/CMSSW_8_1_0_pre9/RelValTenMuE_0_200/GEN-SIM-RECO/PU25ns_81X_mcRun2_asymptotic_v2_2023tiltedPU140-v1/10000/28111D1F-3356-E611-842C-0025905A60D2.root
23-Sep-2016 09:17:56 CDT  Successfully opened file root://cmsxrootd-site.fnal.gov//store/relval/CMSSW_8_1_0_pre9/RelValTenMuE_0_200/GEN-SIM-RECO/PU25ns_81X_mcRun2_asymptotic_v2_2023tiltedPU140-v1/10000/28111D1F-3356-E611-842C-0025905A60D2.root
Begin processing the 1401st record. Run 1, Event 5003, LumiSection 51 at 23-Sep-2016 09:17:59.838 CDT
Begin processing the 1411th record. Run 1, Event 5011, LumiSection 51 at 23-Sep-2016 09:18:00.905 CDT
Begin processing the 1421st record. Run 1, Event 5021, LumiSection 51 at 23-Sep-2016 09:18:01.693 CDT
Begin processing the 1431st record. Run 1, Event 5033, LumiSection 51 at 23-Sep-2016 09:18:04.165 CDT
Begin processing the 1441st record. Run 1, Event 5037, LumiSection 51 at 23-Sep-2016 09:18:05.148 CDT
Begin processing the 1451st record. Run 1, Event 5055, LumiSection 51 at 23-Sep-2016 09:18:06.097 CDT
Begin processing the 1461st record. Run 1, Event 5058, LumiSection 51 at 23-Sep-2016 09:18:08.070 CDT
Begin processing the 1471st record. Run 1, Event 5073, LumiSection 51 at 23-Sep-2016 09:18:09.005 CDT
Begin processing the 1481st record. Run 1, Event 5085, LumiSection 51 at 23-Sep-2016 09:18:09.615 CDT
Begin processing the 1491st record. Run 1, Event 5097, LumiSection 51 at 23-Sep-2016 09:18:10.816 CDT
23-Sep-2016 09:18:11 CDT  Closed file root://cmsxrootd-site.fnal.gov//store/relval/CMSSW_8_1_0_pre9/RelValTenMuE_0_200/GEN-SIM-RECO/PU25ns_81X_mcRun2_asymptotic_v2_2023tiltedPU140-v1/10000/28111D1F-3356-E611-842C-0025905A60D2.root
23-Sep-2016 09:18:11 CDT  Initiating request to open file root://cmsxrootd-site.fnal.gov//store/relval/CMSSW_8_1_0_pre9/RelValTenMuE_0_200/GEN-SIM-RECO/PU25ns_81X_mcRun2_asymptotic_v2_2023tiltedPU140-v1/10000/2A2E6642-3456-E611-B600-0CC47A4D75F8.root
23-Sep-2016 09:18:12 CDT  Successfully opened file root://cmsxrootd-site.fnal.gov//store/relval/CMSSW_8_1_0_pre9/RelValTenMuE_0_200/GEN-SIM-RECO/PU25ns_81X_mcRun2_asymptotic_v2_2023tiltedPU140-v1/10000/2A2E6642-3456-E611-B600-0CC47A4D75F8.root
Begin processing the 1501st record. Run 1, Event 3603, LumiSection 37 at 23-Sep-2016 09:18:16.309 CDT
Begin processing the 1511th record. Run 1, Event 3615, LumiSection 37 at 23-Sep-2016 09:18:17.136 CDT
Begin processing the 1521st record. Run 1, Event 3623, LumiSection 37 at 23-Sep-2016 09:18:18.271 CDT
Begin processing the 1531st record. Run 1, Event 3631, LumiSection 37 at 23-Sep-2016 09:18:20.149 CDT
Begin processing the 1541st record. Run 1, Event 3646, LumiSection 37 at 23-Sep-2016 09:18:21.269 CDT
Begin processing the 1551st record. Run 1, Event 3655, LumiSection 37 at 23-Sep-2016 09:18:22.053 CDT
Begin processing the 1561st record. Run 1, Event 3662, LumiSection 37 at 23-Sep-2016 09:18:24.067 CDT
Begin processing the 1571st record. Run 1, Event 3673, LumiSection 37 at 23-Sep-2016 09:18:24.783 CDT
Begin processing the 1581st record. Run 1, Event 3687, LumiSection 37 at 23-Sep-2016 09:18:25.861 CDT
Begin processing the 1591st record. Run 1, Event 3694, LumiSection 37 at 23-Sep-2016 09:18:27.370 CDT
23-Sep-2016 09:18:27 CDT  Closed file root://cmsxrootd-site.fnal.gov//store/relval/CMSSW_8_1_0_pre9/RelValTenMuE_0_200/GEN-SIM-RECO/PU25ns_81X_mcRun2_asymptotic_v2_2023tiltedPU140-v1/10000/2A2E6642-3456-E611-B600-0CC47A4D75F8.root
23-Sep-2016 09:18:27 CDT  Initiating request to open file root://cmsxrootd-site.fnal.gov//store/relval/CMSSW_8_1_0_pre9/RelValTenMuE_0_200/GEN-SIM-RECO/PU25ns_81X_mcRun2_asymptotic_v2_2023tiltedPU140-v1/10000/2A536466-3356-E611-B9DA-003048FFD75A.root
23-Sep-2016 09:18:29 CDT  Successfully opened file root://cmsxrootd-site.fnal.gov//store/relval/CMSSW_8_1_0_pre9/RelValTenMuE_0_200/GEN-SIM-RECO/PU25ns_81X_mcRun2_asymptotic_v2_2023tiltedPU140-v1/10000/2A536466-3356-E611-B9DA-003048FFD75A.root
Begin processing the 1601st record. Run 1, Event 5405, LumiSection 55 at 23-Sep-2016 09:18:32.451 CDT
Begin processing the 1611th record. Run 1, Event 5412, LumiSection 55 at 23-Sep-2016 09:18:33.407 CDT
Begin processing the 1621st record. Run 1, Event 5421, LumiSection 55 at 23-Sep-2016 09:18:34.272 CDT
Begin processing the 1631st record. Run 1, Event 5433, LumiSection 55 at 23-Sep-2016 09:18:35.983 CDT
Begin processing the 1641st record. Run 1, Event 5443, LumiSection 55 at 23-Sep-2016 09:18:36.943 CDT
Begin processing the 1651st record. Run 1, Event 5454, LumiSection 55 at 23-Sep-2016 09:18:37.666 CDT
Begin processing the 1661st record. Run 1, Event 5463, LumiSection 55 at 23-Sep-2016 09:18:40.103 CDT
Begin processing the 1671st record. Run 1, Event 5475, LumiSection 55 at 23-Sep-2016 09:18:41.025 CDT
Begin processing the 1681st record. Run 1, Event 5486, LumiSection 55 at 23-Sep-2016 09:18:42.191 CDT
Begin processing the 1691st record. Run 1, Event 5494, LumiSection 55 at 23-Sep-2016 09:18:43.786 CDT
23-Sep-2016 09:18:44 CDT  Closed file root://cmsxrootd-site.fnal.gov//store/relval/CMSSW_8_1_0_pre9/RelValTenMuE_0_200/GEN-SIM-RECO/PU25ns_81X_mcRun2_asymptotic_v2_2023tiltedPU140-v1/10000/2A536466-3356-E611-B9DA-003048FFD75A.root
23-Sep-2016 09:18:44 CDT  Initiating request to open file root://cmsxrootd-site.fnal.gov//store/relval/CMSSW_8_1_0_pre9/RelValTenMuE_0_200/GEN-SIM-RECO/PU25ns_81X_mcRun2_asymptotic_v2_2023tiltedPU140-v1/10000/2CFBB0A9-3556-E611-B772-0CC47A4C8F12.root
23-Sep-2016 09:18:45 CDT  Successfully opened file root://cmsxrootd-site.fnal.gov//store/relval/CMSSW_8_1_0_pre9/RelValTenMuE_0_200/GEN-SIM-RECO/PU25ns_81X_mcRun2_asymptotic_v2_2023tiltedPU140-v1/10000/2CFBB0A9-3556-E611-B772-0CC47A4C8F12.root
Begin processing the 1701st record. Run 1, Event 3204, LumiSection 33 at 23-Sep-2016 09:18:49.301 CDT
Begin processing the 1711th record. Run 1, Event 3212, LumiSection 33 at 23-Sep-2016 09:18:50.375 CDT
Begin processing the 1721st record. Run 1, Event 3223, LumiSection 33 at 23-Sep-2016 09:18:51.111 CDT
Begin processing the 1731st record. Run 1, Event 3235, LumiSection 33 at 23-Sep-2016 09:18:53.645 CDT
Begin processing the 1741st record. Run 1, Event 3242, LumiSection 33 at 23-Sep-2016 09:18:54.481 CDT
Begin processing the 1751st record. Run 1, Event 3257, LumiSection 33 at 23-Sep-2016 09:18:55.024 CDT
Begin processing the 1761st record. Run 1, Event 3265, LumiSection 33 at 23-Sep-2016 09:18:57.201 CDT
Begin processing the 1771st record. Run 1, Event 3274, LumiSection 33 at 23-Sep-2016 09:18:58.296 CDT
Begin processing the 1781st record. Run 1, Event 3285, LumiSection 33 at 23-Sep-2016 09:18:59.297 CDT
Begin processing the 1791st record. Run 1, Event 3295, LumiSection 33 at 23-Sep-2016 09:19:00.469 CDT
23-Sep-2016 09:19:01 CDT  Closed file root://cmsxrootd-site.fnal.gov//store/relval/CMSSW_8_1_0_pre9/RelValTenMuE_0_200/GEN-SIM-RECO/PU25ns_81X_mcRun2_asymptotic_v2_2023tiltedPU140-v1/10000/2CFBB0A9-3556-E611-B772-0CC47A4C8F12.root
23-Sep-2016 09:19:01 CDT  Initiating request to open file root://cmsxrootd-site.fnal.gov//store/relval/CMSSW_8_1_0_pre9/RelValTenMuE_0_200/GEN-SIM-RECO/PU25ns_81X_mcRun2_asymptotic_v2_2023tiltedPU140-v1/10000/2E74CFF3-3356-E611-B48B-0025905B85C6.root
23-Sep-2016 09:19:02 CDT  Successfully opened file root://cmsxrootd-site.fnal.gov//store/relval/CMSSW_8_1_0_pre9/RelValTenMuE_0_200/GEN-SIM-RECO/PU25ns_81X_mcRun2_asymptotic_v2_2023tiltedPU140-v1/10000/2E74CFF3-3356-E611-B48B-0025905B85C6.root
Begin processing the 1801st record. Run 1, Event 3405, LumiSection 35 at 23-Sep-2016 09:19:10.003 CDT
Begin processing the 1811th record. Run 1, Event 3416, LumiSection 35 at 23-Sep-2016 09:19:10.803 CDT
Begin processing the 1821st record. Run 1, Event 3420, LumiSection 35 at 23-Sep-2016 09:19:11.351 CDT
Begin processing the 1831st record. Run 1, Event 3432, LumiSection 35 at 23-Sep-2016 09:19:15.822 CDT
Begin processing the 1841st record. Run 1, Event 3441, LumiSection 35 at 23-Sep-2016 09:19:16.589 CDT
Begin processing the 1851st record. Run 1, Event 3455, LumiSection 35 at 23-Sep-2016 09:19:17.145 CDT
Begin processing the 1861st record. Run 1, Event 3462, LumiSection 35 at 23-Sep-2016 09:19:21.696 CDT
Begin processing the 1871st record. Run 1, Event 3476, LumiSection 35 at 23-Sep-2016 09:19:22.502 CDT
Begin processing the 1881st record. Run 1, Event 3483, LumiSection 35 at 23-Sep-2016 09:19:23.314 CDT
Begin processing the 1891st record. Run 1, Event 3491, LumiSection 35 at 23-Sep-2016 09:19:25.761 CDT
23-Sep-2016 09:19:26 CDT  Closed file root://cmsxrootd-site.fnal.gov//store/relval/CMSSW_8_1_0_pre9/RelValTenMuE_0_200/GEN-SIM-RECO/PU25ns_81X_mcRun2_asymptotic_v2_2023tiltedPU140-v1/10000/2E74CFF3-3356-E611-B48B-0025905B85C6.root
23-Sep-2016 09:19:26 CDT  Initiating request to open file root://cmsxrootd-site.fnal.gov//store/relval/CMSSW_8_1_0_pre9/RelValTenMuE_0_200/GEN-SIM-RECO/PU25ns_81X_mcRun2_asymptotic_v2_2023tiltedPU140-v1/10000/2ECEF6B4-3256-E611-9226-0CC47A4D75EC.root
23-Sep-2016 09:19:27 CDT  Successfully opened file root://cmsxrootd-site.fnal.gov//store/relval/CMSSW_8_1_0_pre9/RelValTenMuE_0_200/GEN-SIM-RECO/PU25ns_81X_mcRun2_asymptotic_v2_2023tiltedPU140-v1/10000/2ECEF6B4-3256-E611-9226-0CC47A4D75EC.root
Begin processing the 1901st record. Run 1, Event 5305, LumiSection 54 at 23-Sep-2016 09:19:34.769 CDT
Begin processing the 1911th record. Run 1, Event 5314, LumiSection 54 at 23-Sep-2016 09:19:35.992 CDT
Begin processing the 1921st record. Run 1, Event 5323, LumiSection 54 at 23-Sep-2016 09:19:37.070 CDT
Begin processing the 1931st record. Run 1, Event 5336, LumiSection 54 at 23-Sep-2016 09:19:42.099 CDT
Begin processing the 1941st record. Run 1, Event 5340, LumiSection 54 at 23-Sep-2016 09:19:43.254 CDT
Begin processing the 1951st record. Run 1, Event 5355, LumiSection 54 at 23-Sep-2016 09:19:43.982 CDT
Begin processing the 1961st record. Run 1, Event 5366, LumiSection 54 at 23-Sep-2016 09:19:49.271 CDT
Begin processing the 1971st record. Run 1, Event 5374, LumiSection 54 at 23-Sep-2016 09:19:50.543 CDT
Begin processing the 1981st record. Run 1, Event 5385, LumiSection 54 at 23-Sep-2016 09:19:51.242 CDT
Begin processing the 1991st record. Run 1, Event 5393, LumiSection 54 at 23-Sep-2016 09:19:53.987 CDT
23-Sep-2016 09:19:54 CDT  Closed file root://cmsxrootd-site.fnal.gov//store/relval/CMSSW_8_1_0_pre9/RelValTenMuE_0_200/GEN-SIM-RECO/PU25ns_81X_mcRun2_asymptotic_v2_2023tiltedPU140-v1/10000/2ECEF6B4-3256-E611-9226-0CC47A4D75EC.root
23-Sep-2016 09:19:54 CDT  Initiating request to open file root://cmsxrootd-site.fnal.gov//store/relval/CMSSW_8_1_0_pre9/RelValTenMuE_0_200/GEN-SIM-RECO/PU25ns_81X_mcRun2_asymptotic_v2_2023tiltedPU140-v1/10000/3EE5CBBD-3256-E611-ACDA-0CC47A4D7690.root
23-Sep-2016 09:19:55 CDT  Successfully opened file root://cmsxrootd-site.fnal.gov//store/relval/CMSSW_8_1_0_pre9/RelValTenMuE_0_200/GEN-SIM-RECO/PU25ns_81X_mcRun2_asymptotic_v2_2023tiltedPU140-v1/10000/3EE5CBBD-3256-E611-ACDA-0CC47A4D7690.root
Begin processing the 2001st record. Run 1, Event 7305, LumiSection 74 at 23-Sep-2016 09:20:00.065 CDT
Begin processing the 2011th record. Run 1, Event 7316, LumiSection 74 at 23-Sep-2016 09:20:01.272 CDT
Begin processing the 2021st record. Run 1, Event 7324, LumiSection 74 at 23-Sep-2016 09:20:02.097 CDT
Begin processing the 2031st record. Run 1, Event 7333, LumiSection 74 at 23-Sep-2016 09:20:04.422 CDT
Begin processing the 2041st record. Run 1, Event 7346, LumiSection 74 at 23-Sep-2016 09:20:05.650 CDT
Begin processing the 2051st record. Run 1, Event 7356, LumiSection 74 at 23-Sep-2016 09:20:06.524 CDT
Begin processing the 2061st record. Run 1, Event 7365, LumiSection 74 at 23-Sep-2016 09:20:08.763 CDT
Begin processing the 2071st record. Run 1, Event 7372, LumiSection 74 at 23-Sep-2016 09:20:09.533 CDT
Begin processing the 2081st record. Run 1, Event 7382, LumiSection 74 at 23-Sep-2016 09:20:10.460 CDT
Begin processing the 2091st record. Run 1, Event 7394, LumiSection 74 at 23-Sep-2016 09:20:11.793 CDT
23-Sep-2016 09:20:12 CDT  Closed file root://cmsxrootd-site.fnal.gov//store/relval/CMSSW_8_1_0_pre9/RelValTenMuE_0_200/GEN-SIM-RECO/PU25ns_81X_mcRun2_asymptotic_v2_2023tiltedPU140-v1/10000/3EE5CBBD-3256-E611-ACDA-0CC47A4D7690.root
23-Sep-2016 09:20:12 CDT  Initiating request to open file root://cmsxrootd-site.fnal.gov//store/relval/CMSSW_8_1_0_pre9/RelValTenMuE_0_200/GEN-SIM-RECO/PU25ns_81X_mcRun2_asymptotic_v2_2023tiltedPU140-v1/10000/4059FE47-3256-E611-9F00-0CC47A78A414.root
23-Sep-2016 09:20:13 CDT  Successfully opened file root://cmsxrootd-site.fnal.gov//store/relval/CMSSW_8_1_0_pre9/RelValTenMuE_0_200/GEN-SIM-RECO/PU25ns_81X_mcRun2_asymptotic_v2_2023tiltedPU140-v1/10000/4059FE47-3256-E611-9F00-0CC47A78A414.root
Begin processing the 2101st record. Run 1, Event 2404, LumiSection 25 at 23-Sep-2016 09:20:16.689 CDT
Begin processing the 2111th record. Run 1, Event 2415, LumiSection 25 at 23-Sep-2016 09:20:17.552 CDT
Begin processing the 2121st record. Run 1, Event 2423, LumiSection 25 at 23-Sep-2016 09:20:18.119 CDT
Begin processing the 2131st record. Run 1, Event 2435, LumiSection 25 at 23-Sep-2016 09:20:20.119 CDT
Begin processing the 2141st record. Run 1, Event 2443, LumiSection 25 at 23-Sep-2016 09:20:20.992 CDT
Begin processing the 2151st record. Run 1, Event 2450, LumiSection 25 at 23-Sep-2016 09:20:21.855 CDT
Begin processing the 2161st record. Run 1, Event 2465, LumiSection 25 at 23-Sep-2016 09:20:23.862 CDT
Begin processing the 2171st record. Run 1, Event 2474, LumiSection 25 at 23-Sep-2016 09:20:24.812 CDT
Begin processing the 2181st record. Run 1, Event 2487, LumiSection 25 at 23-Sep-2016 09:20:25.464 CDT
Begin processing the 2191st record. Run 1, Event 2493, LumiSection 25 at 23-Sep-2016 09:20:26.761 CDT
23-Sep-2016 09:20:27 CDT  Closed file root://cmsxrootd-site.fnal.gov//store/relval/CMSSW_8_1_0_pre9/RelValTenMuE_0_200/GEN-SIM-RECO/PU25ns_81X_mcRun2_asymptotic_v2_2023tiltedPU140-v1/10000/4059FE47-3256-E611-9F00-0CC47A78A414.root
23-Sep-2016 09:20:27 CDT  Initiating request to open file root://cmsxrootd-site.fnal.gov//store/relval/CMSSW_8_1_0_pre9/RelValTenMuE_0_200/GEN-SIM-RECO/PU25ns_81X_mcRun2_asymptotic_v2_2023tiltedPU140-v1/10000/423619A0-3556-E611-BDB2-0CC47A4D75EE.root
23-Sep-2016 09:20:28 CDT  Successfully opened file root://cmsxrootd-site.fnal.gov//store/relval/CMSSW_8_1_0_pre9/RelValTenMuE_0_200/GEN-SIM-RECO/PU25ns_81X_mcRun2_asymptotic_v2_2023tiltedPU140-v1/10000/423619A0-3556-E611-BDB2-0CC47A4D75EE.root
Begin processing the 2201st record. Run 1, Event 1701, LumiSection 18 at 23-Sep-2016 09:20:31.912 CDT
Begin processing the 2211th record. Run 1, Event 1716, LumiSection 18 at 23-Sep-2016 09:20:32.658 CDT
Begin processing the 2221st record. Run 1, Event 1725, LumiSection 18 at 23-Sep-2016 09:20:33.241 CDT
Begin processing the 2231st record. Run 1, Event 1737, LumiSection 18 at 23-Sep-2016 09:20:35.103 CDT
Begin processing the 2241st record. Run 1, Event 1748, LumiSection 18 at 23-Sep-2016 09:20:36.123 CDT
Begin processing the 2251st record. Run 1, Event 1756, LumiSection 18 at 23-Sep-2016 09:20:36.943 CDT
Begin processing the 2261st record. Run 1, Event 1766, LumiSection 18 at 23-Sep-2016 09:20:38.874 CDT
Begin processing the 2271st record. Run 1, Event 1770, LumiSection 18 at 23-Sep-2016 09:20:39.597 CDT
Begin processing the 2281st record. Run 1, Event 1786, LumiSection 18 at 23-Sep-2016 09:20:40.164 CDT
Begin processing the 2291st record. Run 1, Event 1794, LumiSection 18 at 23-Sep-2016 09:20:41.443 CDT
23-Sep-2016 09:20:42 CDT  Closed file root://cmsxrootd-site.fnal.gov//store/relval/CMSSW_8_1_0_pre9/RelValTenMuE_0_200/GEN-SIM-RECO/PU25ns_81X_mcRun2_asymptotic_v2_2023tiltedPU140-v1/10000/423619A0-3556-E611-BDB2-0CC47A4D75EE.root
23-Sep-2016 09:20:42 CDT  Initiating request to open file root://cmsxrootd-site.fnal.gov//store/relval/CMSSW_8_1_0_pre9/RelValTenMuE_0_200/GEN-SIM-RECO/PU25ns_81X_mcRun2_asymptotic_v2_2023tiltedPU140-v1/10000/4445CA60-3556-E611-8676-0CC47A4C8E7E.root
23-Sep-2016 09:20:43 CDT  Successfully opened file root://cmsxrootd-site.fnal.gov//store/relval/CMSSW_8_1_0_pre9/RelValTenMuE_0_200/GEN-SIM-RECO/PU25ns_81X_mcRun2_asymptotic_v2_2023tiltedPU140-v1/10000/4445CA60-3556-E611-8676-0CC47A4C8E7E.root
Begin processing the 2301st record. Run 1, Event 7001, LumiSection 71 at 23-Sep-2016 09:20:46.788 CDT
Begin processing the 2311th record. Run 1, Event 7015, LumiSection 71 at 23-Sep-2016 09:20:47.461 CDT
Begin processing the 2321st record. Run 1, Event 7028, LumiSection 71 at 23-Sep-2016 09:20:48.310 CDT
Begin processing the 2331st record. Run 1, Event 7030, LumiSection 71 at 23-Sep-2016 09:20:50.903 CDT
Begin processing the 2341st record. Run 1, Event 7043, LumiSection 71 at 23-Sep-2016 09:20:51.879 CDT
Begin processing the 2351st record. Run 1, Event 7052, LumiSection 71 at 23-Sep-2016 09:20:52.479 CDT
Begin processing the 2361st record. Run 1, Event 7064, LumiSection 71 at 23-Sep-2016 09:20:54.440 CDT
Begin processing the 2371st record. Run 1, Event 7072, LumiSection 71 at 23-Sep-2016 09:20:55.125 CDT
Begin processing the 2381st record. Run 1, Event 7085, LumiSection 71 at 23-Sep-2016 09:20:55.802 CDT
Begin processing the 2391st record. Run 1, Event 7094, LumiSection 71 at 23-Sep-2016 09:20:57.037 CDT
23-Sep-2016 09:20:57 CDT  Closed file root://cmsxrootd-site.fnal.gov//store/relval/CMSSW_8_1_0_pre9/RelValTenMuE_0_200/GEN-SIM-RECO/PU25ns_81X_mcRun2_asymptotic_v2_2023tiltedPU140-v1/10000/4445CA60-3556-E611-8676-0CC47A4C8E7E.root
23-Sep-2016 09:20:57 CDT  Initiating request to open file root://cmsxrootd-site.fnal.gov//store/relval/CMSSW_8_1_0_pre9/RelValTenMuE_0_200/GEN-SIM-RECO/PU25ns_81X_mcRun2_asymptotic_v2_2023tiltedPU140-v1/10000/4A5DF958-3156-E611-9452-0CC47A78A42C.root
23-Sep-2016 09:20:58 CDT  Successfully opened file root://cmsxrootd-site.fnal.gov//store/relval/CMSSW_8_1_0_pre9/RelValTenMuE_0_200/GEN-SIM-RECO/PU25ns_81X_mcRun2_asymptotic_v2_2023tiltedPU140-v1/10000/4A5DF958-3156-E611-9452-0CC47A78A42C.root
Begin processing the 2401st record. Run 1, Event 803, LumiSection 9 at 23-Sep-2016 09:21:03.029 CDT
Begin processing the 2411th record. Run 1, Event 813, LumiSection 9 at 23-Sep-2016 09:21:04.243 CDT
Begin processing the 2421st record. Run 1, Event 827, LumiSection 9 at 23-Sep-2016 09:21:04.958 CDT
Begin processing the 2431st record. Run 1, Event 837, LumiSection 9 at 23-Sep-2016 09:21:07.760 CDT
Begin processing the 2441st record. Run 1, Event 844, LumiSection 9 at 23-Sep-2016 09:21:08.641 CDT
Begin processing the 2451st record. Run 1, Event 852, LumiSection 9 at 23-Sep-2016 09:21:09.530 CDT
Begin processing the 2461st record. Run 1, Event 868, LumiSection 9 at 23-Sep-2016 09:21:12.247 CDT
Begin processing the 2471st record. Run 1, Event 871, LumiSection 9 at 23-Sep-2016 09:21:13.263 CDT
Begin processing the 2481st record. Run 1, Event 887, LumiSection 9 at 23-Sep-2016 09:21:14.056 CDT
Begin processing the 2491st record. Run 1, Event 892, LumiSection 9 at 23-Sep-2016 09:21:15.950 CDT
23-Sep-2016 09:21:16 CDT  Closed file root://cmsxrootd-site.fnal.gov//store/relval/CMSSW_8_1_0_pre9/RelValTenMuE_0_200/GEN-SIM-RECO/PU25ns_81X_mcRun2_asymptotic_v2_2023tiltedPU140-v1/10000/4A5DF958-3156-E611-9452-0CC47A78A42C.root
23-Sep-2016 09:21:16 CDT  Initiating request to open file root://cmsxrootd-site.fnal.gov//store/relval/CMSSW_8_1_0_pre9/RelValTenMuE_0_200/GEN-SIM-RECO/PU25ns_81X_mcRun2_asymptotic_v2_2023tiltedPU140-v1/10000/5094141A-3656-E611-8FB0-0CC47A4C8E1C.root
23-Sep-2016 09:21:17 CDT  Successfully opened file root://cmsxrootd-site.fnal.gov//store/relval/CMSSW_8_1_0_pre9/RelValTenMuE_0_200/GEN-SIM-RECO/PU25ns_81X_mcRun2_asymptotic_v2_2023tiltedPU140-v1/10000/5094141A-3656-E611-8FB0-0CC47A4C8E1C.root
Begin processing the 2501st record. Run 1, Event 7704, LumiSection 78 at 23-Sep-2016 09:21:22.611 CDT
Begin processing the 2511th record. Run 1, Event 7712, LumiSection 78 at 23-Sep-2016 09:21:23.667 CDT
Begin processing the 2521st record. Run 1, Event 7722, LumiSection 78 at 23-Sep-2016 09:21:24.488 CDT
Begin processing the 2531st record. Run 1, Event 7735, LumiSection 78 at 23-Sep-2016 09:21:27.047 CDT
Begin processing the 2541st record. Run 1, Event 7744, LumiSection 78 at 23-Sep-2016 09:21:27.971 CDT
Begin processing the 2551st record. Run 1, Event 7750, LumiSection 78 at 23-Sep-2016 09:21:28.997 CDT
Begin processing the 2561st record. Run 1, Event 7764, LumiSection 78 at 23-Sep-2016 09:21:31.689 CDT
Begin processing the 2571st record. Run 1, Event 7774, LumiSection 78 at 23-Sep-2016 09:21:32.717 CDT
Begin processing the 2581st record. Run 1, Event 7785, LumiSection 78 at 23-Sep-2016 09:21:33.823 CDT
Begin processing the 2591st record. Run 1, Event 7794, LumiSection 78 at 23-Sep-2016 09:21:35.270 CDT
23-Sep-2016 09:21:35 CDT  Closed file root://cmsxrootd-site.fnal.gov//store/relval/CMSSW_8_1_0_pre9/RelValTenMuE_0_200/GEN-SIM-RECO/PU25ns_81X_mcRun2_asymptotic_v2_2023tiltedPU140-v1/10000/5094141A-3656-E611-8FB0-0CC47A4C8E1C.root
23-Sep-2016 09:21:35 CDT  Initiating request to open file root://cmsxrootd-site.fnal.gov//store/relval/CMSSW_8_1_0_pre9/RelValTenMuE_0_200/GEN-SIM-RECO/PU25ns_81X_mcRun2_asymptotic_v2_2023tiltedPU140-v1/10000/563314E3-3656-E611-A31F-0025905A6118.root
23-Sep-2016 09:21:37 CDT  Successfully opened file root://cmsxrootd-site.fnal.gov//store/relval/CMSSW_8_1_0_pre9/RelValTenMuE_0_200/GEN-SIM-RECO/PU25ns_81X_mcRun2_asymptotic_v2_2023tiltedPU140-v1/10000/563314E3-3656-E611-A31F-0025905A6118.root
Begin processing the 2601st record. Run 1, Event 8602, LumiSection 87 at 23-Sep-2016 09:21:43.969 CDT
Begin processing the 2611th record. Run 1, Event 8614, LumiSection 87 at 23-Sep-2016 09:21:45.038 CDT
Begin processing the 2621st record. Run 1, Event 8624, LumiSection 87 at 23-Sep-2016 09:21:45.939 CDT
Begin processing the 2631st record. Run 1, Event 8632, LumiSection 87 at 23-Sep-2016 09:21:50.789 CDT
Begin processing the 2641st record. Run 1, Event 8644, LumiSection 87 at 23-Sep-2016 09:21:51.779 CDT
Begin processing the 2651st record. Run 1, Event 8656, LumiSection 87 at 23-Sep-2016 09:21:52.374 CDT
Begin processing the 2661st record. Run 1, Event 8663, LumiSection 87 at 23-Sep-2016 09:21:56.386 CDT
Begin processing the 2671st record. Run 1, Event 8676, LumiSection 87 at 23-Sep-2016 09:21:57.272 CDT
Begin processing the 2681st record. Run 1, Event 8684, LumiSection 87 at 23-Sep-2016 09:21:58.150 CDT
Begin processing the 2691st record. Run 1, Event 8696, LumiSection 87 at 23-Sep-2016 09:22:00.352 CDT
23-Sep-2016 09:22:01 CDT  Closed file root://cmsxrootd-site.fnal.gov//store/relval/CMSSW_8_1_0_pre9/RelValTenMuE_0_200/GEN-SIM-RECO/PU25ns_81X_mcRun2_asymptotic_v2_2023tiltedPU140-v1/10000/563314E3-3656-E611-A31F-0025905A6118.root
23-Sep-2016 09:22:01 CDT  Initiating request to open file root://cmsxrootd-site.fnal.gov//store/relval/CMSSW_8_1_0_pre9/RelValTenMuE_0_200/GEN-SIM-RECO/PU25ns_81X_mcRun2_asymptotic_v2_2023tiltedPU140-v1/10000/56C2BDAE-3256-E611-B8AA-0CC47A745294.root
23-Sep-2016 09:22:02 CDT  Successfully opened file root://cmsxrootd-site.fnal.gov//store/relval/CMSSW_8_1_0_pre9/RelValTenMuE_0_200/GEN-SIM-RECO/PU25ns_81X_mcRun2_asymptotic_v2_2023tiltedPU140-v1/10000/56C2BDAE-3256-E611-B8AA-0CC47A745294.root
Begin processing the 2701st record. Run 1, Event 1903, LumiSection 20 at 23-Sep-2016 09:22:09.771 CDT
Begin processing the 2711th record. Run 1, Event 1913, LumiSection 20 at 23-Sep-2016 09:22:10.864 CDT
Begin processing the 2721st record. Run 1, Event 1921, LumiSection 20 at 23-Sep-2016 09:22:11.971 CDT
Begin processing the 2731st record. Run 1, Event 1936, LumiSection 20 at 23-Sep-2016 09:22:17.256 CDT
Begin processing the 2741st record. Run 1, Event 1942, LumiSection 20 at 23-Sep-2016 09:22:18.415 CDT
Begin processing the 2751st record. Run 1, Event 1955, LumiSection 20 at 23-Sep-2016 09:22:19.352 CDT
Begin processing the 2761st record. Run 1, Event 1966, LumiSection 20 at 23-Sep-2016 09:22:23.875 CDT
Begin processing the 2771st record. Run 1, Event 1974, LumiSection 20 at 23-Sep-2016 09:22:24.939 CDT
Begin processing the 2781st record. Run 1, Event 1984, LumiSection 20 at 23-Sep-2016 09:22:25.575 CDT
Begin processing the 2791st record. Run 1, Event 1993, LumiSection 20 at 23-Sep-2016 09:22:27.808 CDT
23-Sep-2016 09:22:28 CDT  Closed file root://cmsxrootd-site.fnal.gov//store/relval/CMSSW_8_1_0_pre9/RelValTenMuE_0_200/GEN-SIM-RECO/PU25ns_81X_mcRun2_asymptotic_v2_2023tiltedPU140-v1/10000/56C2BDAE-3256-E611-B8AA-0CC47A745294.root
23-Sep-2016 09:22:28 CDT  Initiating request to open file root://cmsxrootd-site.fnal.gov//store/relval/CMSSW_8_1_0_pre9/RelValTenMuE_0_200/GEN-SIM-RECO/PU25ns_81X_mcRun2_asymptotic_v2_2023tiltedPU140-v1/10000/58A47B66-3356-E611-BAFF-003048FF9ABC.root
23-Sep-2016 09:22:29 CDT  Successfully opened file root://cmsxrootd-site.fnal.gov//store/relval/CMSSW_8_1_0_pre9/RelValTenMuE_0_200/GEN-SIM-RECO/PU25ns_81X_mcRun2_asymptotic_v2_2023tiltedPU140-v1/10000/58A47B66-3356-E611-BAFF-003048FF9ABC.root
Begin processing the 2801st record. Run 1, Event 7407, LumiSection 75 at 23-Sep-2016 09:22:36.655 CDT
Begin processing the 2811th record. Run 1, Event 7413, LumiSection 75 at 23-Sep-2016 09:22:37.427 CDT
Begin processing the 2821st record. Run 1, Event 7428, LumiSection 75 at 23-Sep-2016 09:22:38.039 CDT
Begin processing the 2831st record. Run 1, Event 7436, LumiSection 75 at 23-Sep-2016 09:22:42.593 CDT
Begin processing the 2841st record. Run 1, Event 7449, LumiSection 75 at 23-Sep-2016 09:22:43.216 CDT
Begin processing the 2851st record. Run 1, Event 7459, LumiSection 75 at 23-Sep-2016 09:22:43.866 CDT
Begin processing the 2861st record. Run 1, Event 7467, LumiSection 75 at 23-Sep-2016 09:22:48.267 CDT
Begin processing the 2871st record. Run 1, Event 7476, LumiSection 75 at 23-Sep-2016 09:22:49.199 CDT
Begin processing the 2881st record. Run 1, Event 7484, LumiSection 75 at 23-Sep-2016 09:22:50.381 CDT
Begin processing the 2891st record. Run 1, Event 7494, LumiSection 75 at 23-Sep-2016 09:22:52.385 CDT
23-Sep-2016 09:22:52 CDT  Closed file root://cmsxrootd-site.fnal.gov//store/relval/CMSSW_8_1_0_pre9/RelValTenMuE_0_200/GEN-SIM-RECO/PU25ns_81X_mcRun2_asymptotic_v2_2023tiltedPU140-v1/10000/58A47B66-3356-E611-BAFF-003048FF9ABC.root
23-Sep-2016 09:22:52 CDT  Initiating request to open file root://cmsxrootd-site.fnal.gov//store/relval/CMSSW_8_1_0_pre9/RelValTenMuE_0_200/GEN-SIM-RECO/PU25ns_81X_mcRun2_asymptotic_v2_2023tiltedPU140-v1/10000/5A90768B-3456-E611-9EE7-0025905B8596.root
23-Sep-2016 09:22:53 CDT  Successfully opened file root://cmsxrootd-site.fnal.gov//store/relval/CMSSW_8_1_0_pre9/RelValTenMuE_0_200/GEN-SIM-RECO/PU25ns_81X_mcRun2_asymptotic_v2_2023tiltedPU140-v1/10000/5A90768B-3456-E611-9EE7-0025905B8596.root
Begin processing the 2901st record. Run 1, Event 7506, LumiSection 76 at 23-Sep-2016 09:22:57.223 CDT
Begin processing the 2911th record. Run 1, Event 7515, LumiSection 76 at 23-Sep-2016 09:22:58.388 CDT
Begin processing the 2921st record. Run 1, Event 7526, LumiSection 76 at 23-Sep-2016 09:22:59.335 CDT
Begin processing the 2931st record. Run 1, Event 7534, LumiSection 76 at 23-Sep-2016 09:23:01.390 CDT
Begin processing the 2941st record. Run 1, Event 7543, LumiSection 76 at 23-Sep-2016 09:23:02.156 CDT
Begin processing the 2951st record. Run 1, Event 7556, LumiSection 76 at 23-Sep-2016 09:23:03.052 CDT
Begin processing the 2961st record. Run 1, Event 7563, LumiSection 76 at 23-Sep-2016 09:23:05.062 CDT
Begin processing the 2971st record. Run 1, Event 7576, LumiSection 76 at 23-Sep-2016 09:23:05.791 CDT
Begin processing the 2981st record. Run 1, Event 7586, LumiSection 76 at 23-Sep-2016 09:23:06.762 CDT
Begin processing the 2991st record. Run 1, Event 7599, LumiSection 76 at 23-Sep-2016 09:23:07.953 CDT
23-Sep-2016 09:23:08 CDT  Closed file root://cmsxrootd-site.fnal.gov//store/relval/CMSSW_8_1_0_pre9/RelValTenMuE_0_200/GEN-SIM-RECO/PU25ns_81X_mcRun2_asymptotic_v2_2023tiltedPU140-v1/10000/5A90768B-3456-E611-9EE7-0025905B8596.root
23-Sep-2016 09:23:08 CDT  Initiating request to open file root://cmsxrootd-site.fnal.gov//store/relval/CMSSW_8_1_0_pre9/RelValTenMuE_0_200/GEN-SIM-RECO/PU25ns_81X_mcRun2_asymptotic_v2_2023tiltedPU140-v1/10000/5AA069FC-3356-E611-B6E1-0025905A6122.root
23-Sep-2016 09:23:09 CDT  Successfully opened file root://cmsxrootd-site.fnal.gov//store/relval/CMSSW_8_1_0_pre9/RelValTenMuE_0_200/GEN-SIM-RECO/PU25ns_81X_mcRun2_asymptotic_v2_2023tiltedPU140-v1/10000/5AA069FC-3356-E611-B6E1-0025905A6122.root
Begin processing the 3001st record. Run 1, Event 707, LumiSection 8 at 23-Sep-2016 09:23:13.331 CDT
Begin processing the 3011th record. Run 1, Event 715, LumiSection 8 at 23-Sep-2016 09:23:14.118 CDT
Begin processing the 3021st record. Run 1, Event 728, LumiSection 8 at 23-Sep-2016 09:23:14.691 CDT
Begin processing the 3031st record. Run 1, Event 737, LumiSection 8 at 23-Sep-2016 09:23:16.759 CDT
Begin processing the 3041st record. Run 1, Event 746, LumiSection 8 at 23-Sep-2016 09:23:17.575 CDT
Begin processing the 3051st record. Run 1, Event 758, LumiSection 8 at 23-Sep-2016 09:23:18.239 CDT
Begin processing the 3061st record. Run 1, Event 767, LumiSection 8 at 23-Sep-2016 09:23:20.942 CDT
Begin processing the 3071st record. Run 1, Event 779, LumiSection 8 at 23-Sep-2016 09:23:21.661 CDT
Begin processing the 3081st record. Run 1, Event 786, LumiSection 8 at 23-Sep-2016 09:23:22.634 CDT
Begin processing the 3091st record. Run 1, Event 798, LumiSection 8 at 23-Sep-2016 09:23:24.068 CDT
23-Sep-2016 09:23:24 CDT  Closed file root://cmsxrootd-site.fnal.gov//store/relval/CMSSW_8_1_0_pre9/RelValTenMuE_0_200/GEN-SIM-RECO/PU25ns_81X_mcRun2_asymptotic_v2_2023tiltedPU140-v1/10000/5AA069FC-3356-E611-B6E1-0025905A6122.root
23-Sep-2016 09:23:24 CDT  Initiating request to open file root://cmsxrootd-site.fnal.gov//store/relval/CMSSW_8_1_0_pre9/RelValTenMuE_0_200/GEN-SIM-RECO/PU25ns_81X_mcRun2_asymptotic_v2_2023tiltedPU140-v1/10000/5C4D0521-3356-E611-BB82-0025905B860C.root
23-Sep-2016 09:23:25 CDT  Successfully opened file root://cmsxrootd-site.fnal.gov//store/relval/CMSSW_8_1_0_pre9/RelValTenMuE_0_200/GEN-SIM-RECO/PU25ns_81X_mcRun2_asymptotic_v2_2023tiltedPU140-v1/10000/5C4D0521-3356-E611-BB82-0025905B860C.root
Begin processing the 3101st record. Run 1, Event 5706, LumiSection 58 at 23-Sep-2016 09:23:29.684 CDT
Begin processing the 3111th record. Run 1, Event 5714, LumiSection 58 at 23-Sep-2016 09:23:30.500 CDT
Begin processing the 3121st record. Run 1, Event 5727, LumiSection 58 at 23-Sep-2016 09:23:31.416 CDT
Begin processing the 3131st record. Run 1, Event 5737, LumiSection 58 at 23-Sep-2016 09:23:33.925 CDT
Begin processing the 3141st record. Run 1, Event 5745, LumiSection 58 at 23-Sep-2016 09:23:35.018 CDT
Begin processing the 3151st record. Run 1, Event 5756, LumiSection 58 at 23-Sep-2016 09:23:35.939 CDT
Begin processing the 3161st record. Run 1, Event 5768, LumiSection 58 at 23-Sep-2016 09:23:38.405 CDT
Begin processing the 3171st record. Run 1, Event 5777, LumiSection 58 at 23-Sep-2016 09:23:39.607 CDT
Begin processing the 3181st record. Run 1, Event 5786, LumiSection 58 at 23-Sep-2016 09:23:40.711 CDT
Begin processing the 3191st record. Run 1, Event 5796, LumiSection 58 at 23-Sep-2016 09:23:42.292 CDT
23-Sep-2016 09:23:42 CDT  Closed file root://cmsxrootd-site.fnal.gov//store/relval/CMSSW_8_1_0_pre9/RelValTenMuE_0_200/GEN-SIM-RECO/PU25ns_81X_mcRun2_asymptotic_v2_2023tiltedPU140-v1/10000/5C4D0521-3356-E611-BB82-0025905B860C.root
23-Sep-2016 09:23:42 CDT  Initiating request to open file root://cmsxrootd-site.fnal.gov//store/relval/CMSSW_8_1_0_pre9/RelValTenMuE_0_200/GEN-SIM-RECO/PU25ns_81X_mcRun2_asymptotic_v2_2023tiltedPU140-v1/10000/5E2A66BE-3256-E611-8FDB-0025905A606A.root
23-Sep-2016 09:23:43 CDT  Successfully opened file root://cmsxrootd-site.fnal.gov//store/relval/CMSSW_8_1_0_pre9/RelValTenMuE_0_200/GEN-SIM-RECO/PU25ns_81X_mcRun2_asymptotic_v2_2023tiltedPU140-v1/10000/5E2A66BE-3256-E611-8FDB-0025905A606A.root
Begin processing the 3201st record. Run 1, Event 8208, LumiSection 83 at 23-Sep-2016 09:23:47.766 CDT
Begin processing the 3211th record. Run 1, Event 8215, LumiSection 83 at 23-Sep-2016 09:23:48.543 CDT
Begin processing the 3221st record. Run 1, Event 8225, LumiSection 83 at 23-Sep-2016 09:23:49.456 CDT
Begin processing the 3231st record. Run 1, Event 8238, LumiSection 83 at 23-Sep-2016 09:23:52.262 CDT
Begin processing the 3241st record. Run 1, Event 8251, LumiSection 83 at 23-Sep-2016 09:23:53.155 CDT
Begin processing the 3251st record. Run 1, Event 8257, LumiSection 83 at 23-Sep-2016 09:23:53.967 CDT
Begin processing the 3261st record. Run 1, Event 8270, LumiSection 83 at 23-Sep-2016 09:23:56.368 CDT
Begin processing the 3271st record. Run 1, Event 8281, LumiSection 83 at 23-Sep-2016 09:23:57.477 CDT
Begin processing the 3281st record. Run 1, Event 8285, LumiSection 83 at 23-Sep-2016 09:23:58.259 CDT
Begin processing the 3291st record. Run 1, Event 8299, LumiSection 83 at 23-Sep-2016 09:23:59.515 CDT
23-Sep-2016 09:24:00 CDT  Closed file root://cmsxrootd-site.fnal.gov//store/relval/CMSSW_8_1_0_pre9/RelValTenMuE_0_200/GEN-SIM-RECO/PU25ns_81X_mcRun2_asymptotic_v2_2023tiltedPU140-v1/10000/5E2A66BE-3256-E611-8FDB-0025905A606A.root
23-Sep-2016 09:24:00 CDT  Initiating request to open file root://cmsxrootd-site.fnal.gov//store/relval/CMSSW_8_1_0_pre9/RelValTenMuE_0_200/GEN-SIM-RECO/PU25ns_81X_mcRun2_asymptotic_v2_2023tiltedPU140-v1/10000/5E9E0208-3356-E611-BB0A-0CC47A78A458.root
23-Sep-2016 09:24:01 CDT  Successfully opened file root://cmsxrootd-site.fnal.gov//store/relval/CMSSW_8_1_0_pre9/RelValTenMuE_0_200/GEN-SIM-RECO/PU25ns_81X_mcRun2_asymptotic_v2_2023tiltedPU140-v1/10000/5E9E0208-3356-E611-BB0A-0CC47A78A458.root
Begin processing the 3301st record. Run 1, Event 6405, LumiSection 65 at 23-Sep-2016 09:24:08.336 CDT
Begin processing the 3311th record. Run 1, Event 6419, LumiSection 65 at 23-Sep-2016 09:24:09.547 CDT
Begin processing the 3321st record. Run 1, Event 6431, LumiSection 65 at 23-Sep-2016 09:24:10.659 CDT
Begin processing the 3331st record. Run 1, Event 6433, LumiSection 65 at 23-Sep-2016 09:24:15.195 CDT
Begin processing the 3341st record. Run 1, Event 6447, LumiSection 65 at 23-Sep-2016 09:24:16.253 CDT
Begin processing the 3351st record. Run 1, Event 6457, LumiSection 65 at 23-Sep-2016 09:24:17.443 CDT
Begin processing the 3361st record. Run 1, Event 6467, LumiSection 65 at 23-Sep-2016 09:24:22.253 CDT
Begin processing the 3371st record. Run 1, Event 6477, LumiSection 65 at 23-Sep-2016 09:24:23.507 CDT
Begin processing the 3381st record. Run 1, Event 6487, LumiSection 65 at 23-Sep-2016 09:24:24.630 CDT
Begin processing the 3391st record. Run 1, Event 6497, LumiSection 65 at 23-Sep-2016 09:24:27.441 CDT
23-Sep-2016 09:24:27 CDT  Closed file root://cmsxrootd-site.fnal.gov//store/relval/CMSSW_8_1_0_pre9/RelValTenMuE_0_200/GEN-SIM-RECO/PU25ns_81X_mcRun2_asymptotic_v2_2023tiltedPU140-v1/10000/5E9E0208-3356-E611-BB0A-0CC47A78A458.root
23-Sep-2016 09:24:27 CDT  Initiating request to open file root://cmsxrootd-site.fnal.gov//store/relval/CMSSW_8_1_0_pre9/RelValTenMuE_0_200/GEN-SIM-RECO/PU25ns_81X_mcRun2_asymptotic_v2_2023tiltedPU140-v1/10000/62158A1D-3456-E611-8B3A-0CC47A4D76A2.root
23-Sep-2016 09:24:29 CDT  Successfully opened file root://cmsxrootd-site.fnal.gov//store/relval/CMSSW_8_1_0_pre9/RelValTenMuE_0_200/GEN-SIM-RECO/PU25ns_81X_mcRun2_asymptotic_v2_2023tiltedPU140-v1/10000/62158A1D-3456-E611-8B3A-0CC47A4D76A2.root
Begin processing the 3401st record. Run 1, Event 2309, LumiSection 24 at 23-Sep-2016 09:24:36.152 CDT
Begin processing the 3411th record. Run 1, Event 2317, LumiSection 24 at 23-Sep-2016 09:24:37.364 CDT
Begin processing the 3421st record. Run 1, Event 2328, LumiSection 24 at 23-Sep-2016 09:24:38.308 CDT
Begin processing the 3431st record. Run 1, Event 2337, LumiSection 24 at 23-Sep-2016 09:24:42.457 CDT
Begin processing the 3441st record. Run 1, Event 2347, LumiSection 24 at 23-Sep-2016 09:24:43.462 CDT
Begin processing the 3451st record. Run 1, Event 2357, LumiSection 24 at 23-Sep-2016 09:24:44.094 CDT
Begin processing the 3461st record. Run 1, Event 2366, LumiSection 24 at 23-Sep-2016 09:24:48.405 CDT
Begin processing the 3471st record. Run 1, Event 2377, LumiSection 24 at 23-Sep-2016 09:24:49.342 CDT
Begin processing the 3481st record. Run 1, Event 2389, LumiSection 24 at 23-Sep-2016 09:24:50.130 CDT
Begin processing the 3491st record. Run 1, Event 2398, LumiSection 24 at 23-Sep-2016 09:24:52.799 CDT
23-Sep-2016 09:24:53 CDT  Closed file root://cmsxrootd-site.fnal.gov//store/relval/CMSSW_8_1_0_pre9/RelValTenMuE_0_200/GEN-SIM-RECO/PU25ns_81X_mcRun2_asymptotic_v2_2023tiltedPU140-v1/10000/62158A1D-3456-E611-8B3A-0CC47A4D76A2.root
23-Sep-2016 09:24:53 CDT  Initiating request to open file root://cmsxrootd-site.fnal.gov//store/relval/CMSSW_8_1_0_pre9/RelValTenMuE_0_200/GEN-SIM-RECO/PU25ns_81X_mcRun2_asymptotic_v2_2023tiltedPU140-v1/10000/648997A3-2F56-E611-AF82-0025905B861C.root
23-Sep-2016 09:24:54 CDT  Successfully opened file root://cmsxrootd-site.fnal.gov//store/relval/CMSSW_8_1_0_pre9/RelValTenMuE_0_200/GEN-SIM-RECO/PU25ns_81X_mcRun2_asymptotic_v2_2023tiltedPU140-v1/10000/648997A3-2F56-E611-AF82-0025905B861C.root
Begin processing the 3501st record. Run 1, Event 306, LumiSection 4 at 23-Sep-2016 09:24:58.703 CDT
Begin processing the 3511th record. Run 1, Event 315, LumiSection 4 at 23-Sep-2016 09:24:59.559 CDT
Begin processing the 3521st record. Run 1, Event 331, LumiSection 4 at 23-Sep-2016 09:25:00.649 CDT
Begin processing the 3531st record. Run 1, Event 340, LumiSection 4 at 23-Sep-2016 09:25:03.009 CDT
Begin processing the 3541st record. Run 1, Event 349, LumiSection 4 at 23-Sep-2016 09:25:03.697 CDT
Begin processing the 3551st record. Run 1, Event 356, LumiSection 4 at 23-Sep-2016 09:25:04.750 CDT
Begin processing the 3561st record. Run 1, Event 366, LumiSection 4 at 23-Sep-2016 09:25:06.870 CDT
Begin processing the 3571st record. Run 1, Event 378, LumiSection 4 at 23-Sep-2016 09:25:07.978 CDT
Begin processing the 3581st record. Run 1, Event 387, LumiSection 4 at 23-Sep-2016 09:25:08.930 CDT
Begin processing the 3591st record. Run 1, Event 396, LumiSection 4 at 23-Sep-2016 09:25:10.715 CDT
23-Sep-2016 09:25:11 CDT  Closed file root://cmsxrootd-site.fnal.gov//store/relval/CMSSW_8_1_0_pre9/RelValTenMuE_0_200/GEN-SIM-RECO/PU25ns_81X_mcRun2_asymptotic_v2_2023tiltedPU140-v1/10000/648997A3-2F56-E611-AF82-0025905B861C.root
23-Sep-2016 09:25:11 CDT  Initiating request to open file root://cmsxrootd-site.fnal.gov//store/relval/CMSSW_8_1_0_pre9/RelValTenMuE_0_200/GEN-SIM-RECO/PU25ns_81X_mcRun2_asymptotic_v2_2023tiltedPU140-v1/10000/663B514D-3156-E611-AF7A-002618FDA21D.root
23-Sep-2016 09:25:12 CDT  Successfully opened file root://cmsxrootd-site.fnal.gov//store/relval/CMSSW_8_1_0_pre9/RelValTenMuE_0_200/GEN-SIM-RECO/PU25ns_81X_mcRun2_asymptotic_v2_2023tiltedPU140-v1/10000/663B514D-3156-E611-AF7A-002618FDA21D.root
Begin processing the 3601st record. Run 1, Event 2606, LumiSection 27 at 23-Sep-2016 09:25:18.370 CDT
Begin processing the 3611th record. Run 1, Event 2621, LumiSection 27 at 23-Sep-2016 09:25:19.204 CDT
Begin processing the 3621st record. Run 1, Event 2627, LumiSection 27 at 23-Sep-2016 09:25:20.279 CDT
Begin processing the 3631st record. Run 1, Event 2638, LumiSection 27 at 23-Sep-2016 09:25:23.874 CDT
Begin processing the 3641st record. Run 1, Event 2648, LumiSection 27 at 23-Sep-2016 09:25:24.651 CDT
Begin processing the 3651st record. Run 1, Event 2656, LumiSection 27 at 23-Sep-2016 09:25:25.583 CDT
Begin processing the 3661st record. Run 1, Event 2666, LumiSection 27 at 23-Sep-2016 09:25:28.829 CDT
Begin processing the 3671st record. Run 1, Event 2678, LumiSection 27 at 23-Sep-2016 09:25:29.597 CDT
Begin processing the 3681st record. Run 1, Event 2689, LumiSection 27 at 23-Sep-2016 09:25:30.140 CDT
Begin processing the 3691st record. Run 1, Event 2700, LumiSection 27 at 23-Sep-2016 09:25:32.175 CDT
23-Sep-2016 09:25:32 CDT  Closed file root://cmsxrootd-site.fnal.gov//store/relval/CMSSW_8_1_0_pre9/RelValTenMuE_0_200/GEN-SIM-RECO/PU25ns_81X_mcRun2_asymptotic_v2_2023tiltedPU140-v1/10000/663B514D-3156-E611-AF7A-002618FDA21D.root
23-Sep-2016 09:25:32 CDT  Initiating request to open file root://cmsxrootd-site.fnal.gov//store/relval/CMSSW_8_1_0_pre9/RelValTenMuE_0_200/GEN-SIM-RECO/PU25ns_81X_mcRun2_asymptotic_v2_2023tiltedPU140-v1/10000/68B5ED3E-3156-E611-B5DC-0CC47A4C8ED8.root
23-Sep-2016 09:25:33 CDT  Successfully opened file root://cmsxrootd-site.fnal.gov//store/relval/CMSSW_8_1_0_pre9/RelValTenMuE_0_200/GEN-SIM-RECO/PU25ns_81X_mcRun2_asymptotic_v2_2023tiltedPU140-v1/10000/68B5ED3E-3156-E611-B5DC-0CC47A4C8ED8.root
Begin processing the 3701st record. Run 1, Event 5911, LumiSection 60 at 23-Sep-2016 09:25:38.220 CDT
Begin processing the 3711th record. Run 1, Event 5919, LumiSection 60 at 23-Sep-2016 09:25:39.136 CDT
Begin processing the 3721st record. Run 1, Event 5931, LumiSection 60 at 23-Sep-2016 09:25:39.743 CDT
Begin processing the 3731st record. Run 1, Event 5939, LumiSection 60 at 23-Sep-2016 09:25:42.252 CDT
Begin processing the 3741st record. Run 1, Event 5949, LumiSection 60 at 23-Sep-2016 09:25:43.296 CDT
Begin processing the 3751st record. Run 1, Event 5956, LumiSection 60 at 23-Sep-2016 09:25:44.205 CDT
Begin processing the 3761st record. Run 1, Event 5970, LumiSection 60 at 23-Sep-2016 09:25:46.271 CDT
Begin processing the 3771st record. Run 1, Event 5978, LumiSection 60 at 23-Sep-2016 09:25:47.041 CDT
Begin processing the 3781st record. Run 1, Event 5988, LumiSection 60 at 23-Sep-2016 09:25:47.935 CDT
Begin processing the 3791st record. Run 1, Event 5995, LumiSection 60 at 23-Sep-2016 09:25:49.307 CDT
23-Sep-2016 09:25:49 CDT  Closed file root://cmsxrootd-site.fnal.gov//store/relval/CMSSW_8_1_0_pre9/RelValTenMuE_0_200/GEN-SIM-RECO/PU25ns_81X_mcRun2_asymptotic_v2_2023tiltedPU140-v1/10000/68B5ED3E-3156-E611-B5DC-0CC47A4C8ED8.root
23-Sep-2016 09:25:49 CDT  Initiating request to open file root://cmsxrootd-site.fnal.gov//store/relval/CMSSW_8_1_0_pre9/RelValTenMuE_0_200/GEN-SIM-RECO/PU25ns_81X_mcRun2_asymptotic_v2_2023tiltedPU140-v1/10000/6ADAE9B0-3256-E611-9F9B-0CC47A4C8E96.root
23-Sep-2016 09:25:50 CDT  Successfully opened file root://cmsxrootd-site.fnal.gov//store/relval/CMSSW_8_1_0_pre9/RelValTenMuE_0_200/GEN-SIM-RECO/PU25ns_81X_mcRun2_asymptotic_v2_2023tiltedPU140-v1/10000/6ADAE9B0-3256-E611-9F9B-0CC47A4C8E96.root
Begin processing the 3801st record. Run 1, Event 9209, LumiSection 93 at 23-Sep-2016 09:25:54.260 CDT
Begin processing the 3811th record. Run 1, Event 9218, LumiSection 93 at 23-Sep-2016 09:25:54.897 CDT
Begin processing the 3821st record. Run 1, Event 9231, LumiSection 93 at 23-Sep-2016 09:25:55.613 CDT
Begin processing the 3831st record. Run 1, Event 9239, LumiSection 93 at 23-Sep-2016 09:25:57.747 CDT
Begin processing the 3841st record. Run 1, Event 9249, LumiSection 93 at 23-Sep-2016 09:25:58.355 CDT
Begin processing the 3851st record. Run 1, Event 9260, LumiSection 93 at 23-Sep-2016 09:25:58.924 CDT
Begin processing the 3861st record. Run 1, Event 9269, LumiSection 93 at 23-Sep-2016 09:26:00.931 CDT
Begin processing the 3871st record. Run 1, Event 9278, LumiSection 93 at 23-Sep-2016 09:26:01.688 CDT
Begin processing the 3881st record. Run 1, Event 9286, LumiSection 93 at 23-Sep-2016 09:26:02.802 CDT
Begin processing the 3891st record. Run 1, Event 9292, LumiSection 93 at 23-Sep-2016 09:26:03.861 CDT
23-Sep-2016 09:26:03 CDT  Closed file root://cmsxrootd-site.fnal.gov//store/relval/CMSSW_8_1_0_pre9/RelValTenMuE_0_200/GEN-SIM-RECO/PU25ns_81X_mcRun2_asymptotic_v2_2023tiltedPU140-v1/10000/6ADAE9B0-3256-E611-9F9B-0CC47A4C8E96.root
23-Sep-2016 09:26:03 CDT  Initiating request to open file root://cmsxrootd-site.fnal.gov//store/relval/CMSSW_8_1_0_pre9/RelValTenMuE_0_200/GEN-SIM-RECO/PU25ns_81X_mcRun2_asymptotic_v2_2023tiltedPU140-v1/10000/6CB4800B-3356-E611-8E1C-0CC47A4C8E66.root
23-Sep-2016 09:26:05 CDT  Successfully opened file root://cmsxrootd-site.fnal.gov//store/relval/CMSSW_8_1_0_pre9/RelValTenMuE_0_200/GEN-SIM-RECO/PU25ns_81X_mcRun2_asymptotic_v2_2023tiltedPU140-v1/10000/6CB4800B-3356-E611-8E1C-0CC47A4C8E66.root
Begin processing the 3901st record. Run 1, Event 12, LumiSection 1 at 23-Sep-2016 09:26:09.907 CDT
Begin processing the 3911th record. Run 1, Event 17, LumiSection 1 at 23-Sep-2016 09:26:10.924 CDT
Begin processing the 3921st record. Run 1, Event 28, LumiSection 1 at 23-Sep-2016 09:26:11.702 CDT
Begin processing the 3931st record. Run 1, Event 40, LumiSection 1 at 23-Sep-2016 09:26:14.257 CDT
Begin processing the 3941st record. Run 1, Event 50, LumiSection 1 at 23-Sep-2016 09:26:15.428 CDT
Begin processing the 3951st record. Run 1, Event 59, LumiSection 1 at 23-Sep-2016 09:26:16.342 CDT
Begin processing the 3961st record. Run 1, Event 69, LumiSection 1 at 23-Sep-2016 09:26:19.049 CDT
Begin processing the 3971st record. Run 1, Event 79, LumiSection 1 at 23-Sep-2016 09:26:19.713 CDT
Begin processing the 3981st record. Run 1, Event 91, LumiSection 1 at 23-Sep-2016 09:26:20.383 CDT
Begin processing the 3991st record. Run 1, Event 96, LumiSection 1 at 23-Sep-2016 09:26:21.899 CDT
23-Sep-2016 09:26:22 CDT  Closed file root://cmsxrootd-site.fnal.gov//store/relval/CMSSW_8_1_0_pre9/RelValTenMuE_0_200/GEN-SIM-RECO/PU25ns_81X_mcRun2_asymptotic_v2_2023tiltedPU140-v1/10000/6CB4800B-3356-E611-8E1C-0CC47A4C8E66.root
23-Sep-2016 09:26:22 CDT  Initiating request to open file root://cmsxrootd-site.fnal.gov//store/relval/CMSSW_8_1_0_pre9/RelValTenMuE_0_200/GEN-SIM-RECO/PU25ns_81X_mcRun2_asymptotic_v2_2023tiltedPU140-v1/10000/6E5F38FB-3356-E611-8C87-0025905B85AE.root
23-Sep-2016 09:26:23 CDT  Successfully opened file root://cmsxrootd-site.fnal.gov//store/relval/CMSSW_8_1_0_pre9/RelValTenMuE_0_200/GEN-SIM-RECO/PU25ns_81X_mcRun2_asymptotic_v2_2023tiltedPU140-v1/10000/6E5F38FB-3356-E611-8C87-0025905B85AE.root
Begin processing the 4001st record. Run 1, Event 3810, LumiSection 39 at 23-Sep-2016 09:26:30.302 CDT
Begin processing the 4011th record. Run 1, Event 3824, LumiSection 39 at 23-Sep-2016 09:26:31.449 CDT
Begin processing the 4021st record. Run 1, Event 3833, LumiSection 39 at 23-Sep-2016 09:26:32.602 CDT
Begin processing the 4031st record. Run 1, Event 3840, LumiSection 39 at 23-Sep-2016 09:26:36.702 CDT
Begin processing the 4041st record. Run 1, Event 3850, LumiSection 39 at 23-Sep-2016 09:26:37.622 CDT
Begin processing the 4051st record. Run 1, Event 3857, LumiSection 39 at 23-Sep-2016 09:26:42.184 CDT
Begin processing the 4061st record. Run 1, Event 3866, LumiSection 39 at 23-Sep-2016 09:26:43.277 CDT
Begin processing the 4071st record. Run 1, Event 3881, LumiSection 39 at 23-Sep-2016 09:26:44.187 CDT
Begin processing the 4081st record. Run 1, Event 3891, LumiSection 39 at 23-Sep-2016 09:26:47.052 CDT
Begin processing the 4091st record. Run 1, Event 3900, LumiSection 39 at 23-Sep-2016 09:26:48.148 CDT
23-Sep-2016 09:26:48 CDT  Closed file root://cmsxrootd-site.fnal.gov//store/relval/CMSSW_8_1_0_pre9/RelValTenMuE_0_200/GEN-SIM-RECO/PU25ns_81X_mcRun2_asymptotic_v2_2023tiltedPU140-v1/10000/6E5F38FB-3356-E611-8C87-0025905B85AE.root
23-Sep-2016 09:26:48 CDT  Initiating request to open file root://cmsxrootd-site.fnal.gov//store/relval/CMSSW_8_1_0_pre9/RelValTenMuE_0_200/GEN-SIM-RECO/PU25ns_81X_mcRun2_asymptotic_v2_2023tiltedPU140-v1/10000/6EA52DE8-3356-E611-BB65-0025905A48EC.root
23-Sep-2016 09:26:49 CDT  Successfully opened file root://cmsxrootd-site.fnal.gov//store/relval/CMSSW_8_1_0_pre9/RelValTenMuE_0_200/GEN-SIM-RECO/PU25ns_81X_mcRun2_asymptotic_v2_2023tiltedPU140-v1/10000/6EA52DE8-3356-E611-BB65-0025905A48EC.root
Begin processing the 4101st record. Run 1, Event 7811, LumiSection 79 at 23-Sep-2016 09:26:56.051 CDT
Begin processing the 4111th record. Run 1, Event 7821, LumiSection 79 at 23-Sep-2016 09:26:56.844 CDT
Begin processing the 4121st record. Run 1, Event 7820, LumiSection 79 at 23-Sep-2016 09:26:57.838 CDT
Begin processing the 4131st record. Run 1, Event 7841, LumiSection 79 at 23-Sep-2016 09:27:02.302 CDT
Begin processing the 4141st record. Run 1, Event 7852, LumiSection 79 at 23-Sep-2016 09:27:03.378 CDT
Begin processing the 4151st record. Run 1, Event 7855, LumiSection 79 at 23-Sep-2016 09:27:04.173 CDT
Begin processing the 4161st record. Run 1, Event 7871, LumiSection 79 at 23-Sep-2016 09:27:08.621 CDT
Begin processing the 4171st record. Run 1, Event 7880, LumiSection 79 at 23-Sep-2016 09:27:09.489 CDT
Begin processing the 4181st record. Run 1, Event 7890, LumiSection 79 at 23-Sep-2016 09:27:10.406 CDT
Begin processing the 4191st record. Run 1, Event 7899, LumiSection 79 at 23-Sep-2016 09:27:12.152 CDT
23-Sep-2016 09:27:12 CDT  Closed file root://cmsxrootd-site.fnal.gov//store/relval/CMSSW_8_1_0_pre9/RelValTenMuE_0_200/GEN-SIM-RECO/PU25ns_81X_mcRun2_asymptotic_v2_2023tiltedPU140-v1/10000/6EA52DE8-3356-E611-BB65-0025905A48EC.root
23-Sep-2016 09:27:12 CDT  Initiating request to open file root://cmsxrootd-site.fnal.gov//store/relval/CMSSW_8_1_0_pre9/RelValTenMuE_0_200/GEN-SIM-RECO/PU25ns_81X_mcRun2_asymptotic_v2_2023tiltedPU140-v1/10000/7033FE30-3556-E611-A281-0025905A609E.root
23-Sep-2016 09:27:13 CDT  Successfully opened file root://cmsxrootd-site.fnal.gov//store/relval/CMSSW_8_1_0_pre9/RelValTenMuE_0_200/GEN-SIM-RECO/PU25ns_81X_mcRun2_asymptotic_v2_2023tiltedPU140-v1/10000/7033FE30-3556-E611-A281-0025905A609E.root
Begin processing the 4201st record. Run 1, Event 4908, LumiSection 50 at 23-Sep-2016 09:27:18.111 CDT
Begin processing the 4211th record. Run 1, Event 4917, LumiSection 50 at 23-Sep-2016 09:27:19.098 CDT
Begin processing the 4221st record. Run 1, Event 4925, LumiSection 50 at 23-Sep-2016 09:27:19.818 CDT
Begin processing the 4231st record. Run 1, Event 4938, LumiSection 50 at 23-Sep-2016 09:27:22.115 CDT
Begin processing the 4241st record. Run 1, Event 4951, LumiSection 50 at 23-Sep-2016 09:27:23.362 CDT
Begin processing the 4251st record. Run 1, Event 4959, LumiSection 50 at 23-Sep-2016 09:27:24.514 CDT
Begin processing the 4261st record. Run 1, Event 4972, LumiSection 50 at 23-Sep-2016 09:27:26.570 CDT
Begin processing the 4271st record. Run 1, Event 4979, LumiSection 50 at 23-Sep-2016 09:27:27.734 CDT
Begin processing the 4281st record. Run 1, Event 4987, LumiSection 50 at 23-Sep-2016 09:27:28.904 CDT
Begin processing the 4291st record. Run 1, Event 4998, LumiSection 50 at 23-Sep-2016 09:27:30.487 CDT
23-Sep-2016 09:27:30 CDT  Closed file root://cmsxrootd-site.fnal.gov//store/relval/CMSSW_8_1_0_pre9/RelValTenMuE_0_200/GEN-SIM-RECO/PU25ns_81X_mcRun2_asymptotic_v2_2023tiltedPU140-v1/10000/7033FE30-3556-E611-A281-0025905A609E.root
23-Sep-2016 09:27:30 CDT  Initiating request to open file root://cmsxrootd-site.fnal.gov//store/relval/CMSSW_8_1_0_pre9/RelValTenMuE_0_200/GEN-SIM-RECO/PU25ns_81X_mcRun2_asymptotic_v2_2023tiltedPU140-v1/10000/70822F45-3256-E611-83BC-0CC47A4D76B2.root
23-Sep-2016 09:27:31 CDT  Successfully opened file root://cmsxrootd-site.fnal.gov//store/relval/CMSSW_8_1_0_pre9/RelValTenMuE_0_200/GEN-SIM-RECO/PU25ns_81X_mcRun2_asymptotic_v2_2023tiltedPU140-v1/10000/70822F45-3256-E611-83BC-0CC47A4D76B2.root
Begin processing the 4301st record. Run 1, Event 8011, LumiSection 81 at 23-Sep-2016 09:27:39.032 CDT
Begin processing the 4311th record. Run 1, Event 8022, LumiSection 81 at 23-Sep-2016 09:27:40.289 CDT
Begin processing the 4321st record. Run 1, Event 8029, LumiSection 81 at 23-Sep-2016 09:27:41.168 CDT
Begin processing the 4331st record. Run 1, Event 8035, LumiSection 81 at 23-Sep-2016 09:27:45.367 CDT
Begin processing the 4341st record. Run 1, Event 8053, LumiSection 81 at 23-Sep-2016 09:27:46.098 CDT
Begin processing the 4351st record. Run 1, Event 8063, LumiSection 81 at 23-Sep-2016 09:27:49.781 CDT
Begin processing the 4361st record. Run 1, Event 8072, LumiSection 81 at 23-Sep-2016 09:27:50.955 CDT
Begin processing the 4371st record. Run 1, Event 8082, LumiSection 81 at 23-Sep-2016 09:27:51.967 CDT
Begin processing the 4381st record. Run 1, Event 8090, LumiSection 81 at 23-Sep-2016 09:27:54.361 CDT
Begin processing the 4391st record. Run 1, Event 8100, LumiSection 81 at 23-Sep-2016 09:27:55.545 CDT
23-Sep-2016 09:27:55 CDT  Closed file root://cmsxrootd-site.fnal.gov//store/relval/CMSSW_8_1_0_pre9/RelValTenMuE_0_200/GEN-SIM-RECO/PU25ns_81X_mcRun2_asymptotic_v2_2023tiltedPU140-v1/10000/70822F45-3256-E611-83BC-0CC47A4D76B2.root
23-Sep-2016 09:27:55 CDT  Initiating request to open file root://cmsxrootd-site.fnal.gov//store/relval/CMSSW_8_1_0_pre9/RelValTenMuE_0_200/GEN-SIM-RECO/PU25ns_81X_mcRun2_asymptotic_v2_2023tiltedPU140-v1/10000/72272B36-3556-E611-A3A7-0025905A48F2.root
23-Sep-2016 09:27:56 CDT  Successfully opened file root://cmsxrootd-site.fnal.gov//store/relval/CMSSW_8_1_0_pre9/RelValTenMuE_0_200/GEN-SIM-RECO/PU25ns_81X_mcRun2_asymptotic_v2_2023tiltedPU140-v1/10000/72272B36-3556-E611-A3A7-0025905A48F2.root
Begin processing the 4401st record. Run 1, Event 3910, LumiSection 40 at 23-Sep-2016 09:28:05.349 CDT
Begin processing the 4411th record. Run 1, Event 3917, LumiSection 40 at 23-Sep-2016 09:28:06.099 CDT
Begin processing the 4421st record. Run 1, Event 3932, LumiSection 40 at 23-Sep-2016 09:28:06.904 CDT
Begin processing the 4431st record. Run 1, Event 3941, LumiSection 40 at 23-Sep-2016 09:28:13.086 CDT
Begin processing the 4441st record. Run 1, Event 3946, LumiSection 40 at 23-Sep-2016 09:28:13.872 CDT
Begin processing the 4451st record. Run 1, Event 3960, LumiSection 40 at 23-Sep-2016 09:28:14.819 CDT
Begin processing the 4461st record. Run 1, Event 3973, LumiSection 40 at 23-Sep-2016 09:28:20.444 CDT
Begin processing the 4471st record. Run 1, Event 3977, LumiSection 40 at 23-Sep-2016 09:28:21.490 CDT
Begin processing the 4481st record. Run 1, Event 3991, LumiSection 40 at 23-Sep-2016 09:28:22.232 CDT
Begin processing the 4491st record. Run 1, Event 3998, LumiSection 40 at 23-Sep-2016 09:28:24.810 CDT
23-Sep-2016 09:28:24 CDT  Closed file root://cmsxrootd-site.fnal.gov//store/relval/CMSSW_8_1_0_pre9/RelValTenMuE_0_200/GEN-SIM-RECO/PU25ns_81X_mcRun2_asymptotic_v2_2023tiltedPU140-v1/10000/72272B36-3556-E611-A3A7-0025905A48F2.root
23-Sep-2016 09:28:24 CDT  Initiating request to open file root://cmsxrootd-site.fnal.gov//store/relval/CMSSW_8_1_0_pre9/RelValTenMuE_0_200/GEN-SIM-RECO/PU25ns_81X_mcRun2_asymptotic_v2_2023tiltedPU140-v1/10000/74B67A44-3256-E611-AC06-0CC47A4D76BE.root
[2016-09-23 09:31:34.616110 -0500][Error  ][XRootD            ] [cmsdcadisk01.fnal.gov:1095] Unable to get the response to request kXR_open (file: /store/relval/CMSSW_8_1_0_pre9/RelValTenMuE_0_200/GEN-SIM-RECO/PU25ns_81X_mcRun2_asymptotic_v2_2023tiltedPU140-v1/10000/74B67A44-3256-E611-AC06-0CC47A4D76BE.root, mode: 0660, flags: kXR_open_read kXR_async kXR_retstat )
%MSG-w XrdAdaptorInternal:  file_open 23-Sep-2016 09:31:34 CDT PostProcessEvent
Failed to open file at URL root://cmsdcadisk01.fnal.gov:1095//store/relval/CMSSW_8_1_0_pre9/RelValTenMuE_0_200/GEN-SIM-RECO/PU25ns_81X_mcRun2_asymptotic_v2_2023tiltedPU140-v1/10000/74B67A44-3256-E611-AC06-0CC47A4D76BE.root.
%MSG
[2016-09-23 09:34:34.646653 -0500][Error  ][XRootD            ] [cmsdcadisk01.fnal.gov:1095] Unable to get the response to request kXR_open (file: /store/relval/CMSSW_8_1_0_pre9/RelValTenMuE_0_200/GEN-SIM-RECO/PU25ns_81X_mcRun2_asymptotic_v2_2023tiltedPU140-v1/10000/74B67A44-3256-E611-AC06-0CC47A4D76BE.root?tried=, mode: 0660, flags: kXR_open_read kXR_async kXR_retstat )
%MSG-w XrdAdaptorInternal:  file_open 23-Sep-2016 09:34:34 CDT PostProcessEvent
Failed to open file at URL root://cmsdcadisk01.fnal.gov:1095//store/relval/CMSSW_8_1_0_pre9/RelValTenMuE_0_200/GEN-SIM-RECO/PU25ns_81X_mcRun2_asymptotic_v2_2023tiltedPU140-v1/10000/74B67A44-3256-E611-AC06-0CC47A4D76BE.root?tried=.
%MSG
23-Sep-2016 09:34:34 CDT  Fallback request to file root://cmsxrootd.fnal.gov//store/relval/CMSSW_8_1_0_pre9/RelValTenMuE_0_200/GEN-SIM-RECO/PU25ns_81X_mcRun2_asymptotic_v2_2023tiltedPU140-v1/10000/74B67A44-3256-E611-AC06-0CC47A4D76BE.root
[2016-09-23 09:37:39.850897 -0500][Error  ][XRootD            ] [cmsdcadisk01.fnal.gov:1095] Unable to get the response to request kXR_open (file: /store/relval/CMSSW_8_1_0_pre9/RelValTenMuE_0_200/GEN-SIM-RECO/PU25ns_81X_mcRun2_asymptotic_v2_2023tiltedPU140-v1/10000/74B67A44-3256-E611-AC06-0CC47A4D76BE.root, mode: 0660, flags: kXR_open_read kXR_async kXR_retstat )
%MSG-w XrdAdaptorInternal:  file_open 23-Sep-2016 09:37:39 CDT PostProcessEvent
Failed to open file at URL root://cmsdcadisk01.fnal.gov:1095//store/relval/CMSSW_8_1_0_pre9/RelValTenMuE_0_200/GEN-SIM-RECO/PU25ns_81X_mcRun2_asymptotic_v2_2023tiltedPU140-v1/10000/74B67A44-3256-E611-AC06-0CC47A4D76BE.root.
%MSG
[2016-09-23 09:40:40.110603 -0500][Error  ][XRootD            ] [cmsdcadisk01.fnal.gov:1095] Unable to get the response to request kXR_open (file: /store/relval/CMSSW_8_1_0_pre9/RelValTenMuE_0_200/GEN-SIM-RECO/PU25ns_81X_mcRun2_asymptotic_v2_2023tiltedPU140-v1/10000/74B67A44-3256-E611-AC06-0CC47A4D76BE.root?tried=, mode: 0660, flags: kXR_open_read kXR_async kXR_retstat )
%MSG-w XrdAdaptorInternal:  file_open 23-Sep-2016 09:40:40 CDT PostProcessEvent
Failed to open file at URL root://cmsdcadisk01.fnal.gov:1095//store/relval/CMSSW_8_1_0_pre9/RelValTenMuE_0_200/GEN-SIM-RECO/PU25ns_81X_mcRun2_asymptotic_v2_2023tiltedPU140-v1/10000/74B67A44-3256-E611-AC06-0CC47A4D76BE.root?tried=.
%MSG
----- Begin Fatal Exception 23-Sep-2016 09:40:40 CDT-----------------------
An exception of category 'FallbackFileOpenError' occurred while
   [0] Calling InputSource::readFile_
   [1] Calling RootFileSequenceBase::initTheFile()
   [2] Calling StorageFactory::open()
   [3] Calling XrdFile::open()
Exception Message:
Failed to open the file 'root://cmsxrootd.fnal.gov//store/relval/CMSSW_8_1_0_pre9/RelValTenMuE_0_200/GEN-SIM-RECO/PU25ns_81X_mcRun2_asymptotic_v2_2023tiltedPU140-v1/10000/74B67A44-3256-E611-AC06-0CC47A4D76BE.root'
   Additional Info:
      [a] XrdCl::File::Open(name='root://cmsxrootd-site.fnal.gov//store/relval/CMSSW_8_1_0_pre9/RelValTenMuE_0_200/GEN-SIM-RECO/PU25ns_81X_mcRun2_asymptotic_v2_2023tiltedPU140-v1/10000/74B67A44-3256-E611-AC06-0CC47A4D76BE.root', flags=0x10, permissions=0660) => error '[ERROR] Operation expired' (errno=0, code=206). No additional data servers were found.
      [b] Last URL tried: root://cmsdcadisk01.fnal.gov:1095//store/relval/CMSSW_8_1_0_pre9/RelValTenMuE_0_200/GEN-SIM-RECO/PU25ns_81X_mcRun2_asymptotic_v2_2023tiltedPU140-v1/10000/74B67A44-3256-E611-AC06-0CC47A4D76BE.root?tried=
      [c] Problematic data server: cmsdcadisk01.fnal.gov:1095
      [d] Disabled source: cmsdcadisk01.fnal.gov:1095
      [e] Input file root://cmsxrootd-site.fnal.gov//store/relval/CMSSW_8_1_0_pre9/RelValTenMuE_0_200/GEN-SIM-RECO/PU25ns_81X_mcRun2_asymptotic_v2_2023tiltedPU140-v1/10000/74B67A44-3256-E611-AC06-0CC47A4D76BE.root could not be opened.
Fallback Input file root://cmsxrootd.fnal.gov//store/relval/CMSSW_8_1_0_pre9/RelValTenMuE_0_200/GEN-SIM-RECO/PU25ns_81X_mcRun2_asymptotic_v2_2023tiltedPU140-v1/10000/74B67A44-3256-E611-AC06-0CC47A4D76BE.root also could not be opened.
Original exception info is above; fallback exception info is below.
      [f] XrdCl::File::Open(name='root://cmsxrootd.fnal.gov//store/relval/CMSSW_8_1_0_pre9/RelValTenMuE_0_200/GEN-SIM-RECO/PU25ns_81X_mcRun2_asymptotic_v2_2023tiltedPU140-v1/10000/74B67A44-3256-E611-AC06-0CC47A4D76BE.root', flags=0x10, permissions=0660) => error '[ERROR] Socket error' (errno=0, code=102). No additional data servers were found.
      [g] Last URL tried: root://cmsdcadisk01.fnal.gov:1095//store/relval/CMSSW_8_1_0_pre9/RelValTenMuE_0_200/GEN-SIM-RECO/PU25ns_81X_mcRun2_asymptotic_v2_2023tiltedPU140-v1/10000/74B67A44-3256-E611-AC06-0CC47A4D76BE.root?tried=
      [h] Problematic data server: cmsdcadisk01.fnal.gov:1095
      [i] Disabled source: cmsdcadisk01.fnal.gov:1095
----- End Fatal Exception -------------------------------------------------

=============================================

MessageLogger Summary

 type     category        sev    module        subroutine        count    total
 ---- -------------------- -- ---------------- ----------------  -----    -----
    1 XrdAdaptorInternal   -w file_open                              4        4
    2 Fatal Exception      -s AfterFile                              1        1
    3 fileAction           -s file_close                            45       45
    4 fileAction           -s file_open                             92       92

 type    category    Examples: run/evt        run/evt          run/evt
 ---- -------------------- ---------------- ---------------- ----------------
    1 XrdAdaptorInternal   PostProcessEvent PostProcessEvent PostProcessEvent
    2 Fatal Exception      PostProcessEvent                  
    3 fileAction           PostProcessEvent PostProcessEvent PostProcessEvent
    4 fileAction           pre-events       pre-events       PostProcessEvent

Severity    # Occurrences   Total Occurrences
--------    -------------   -----------------
Warning                 4                   4
System                138                 138
