19-Sep-2016 20:53:05 CDT  Initiating request to open file root://cmsxrootd-site.fnal.gov//store/relval/CMSSW_8_1_0_pre9/RelValSingleElectronPt35Extended/GEN-SIM-RECO/PU25ns_81X_mcRun2_asymptotic_v2_2023tiltedPU200-v1/10000/00C89AE8-2957-E611-9E24-0CC47A78A340.root
19-Sep-2016 20:53:11 CDT  Successfully opened file root://cmsxrootd-site.fnal.gov//store/relval/CMSSW_8_1_0_pre9/RelValSingleElectronPt35Extended/GEN-SIM-RECO/PU25ns_81X_mcRun2_asymptotic_v2_2023tiltedPU200-v1/10000/00C89AE8-2957-E611-9E24-0CC47A78A340.root
Begin processing the 1st record. Run 1, Event 4904, LumiSection 50 at 19-Sep-2016 20:54:27.551 CDT
Begin processing the 11th record. Run 1, Event 4912, LumiSection 50 at 19-Sep-2016 20:54:39.859 CDT
Begin processing the 21st record. Run 1, Event 4919, LumiSection 50 at 19-Sep-2016 20:54:42.861 CDT
Begin processing the 31st record. Run 1, Event 4935, LumiSection 50 at 19-Sep-2016 20:54:45.781 CDT
Begin processing the 41st record. Run 1, Event 4941, LumiSection 50 at 19-Sep-2016 20:54:48.318 CDT
Begin processing the 51st record. Run 1, Event 4951, LumiSection 50 at 19-Sep-2016 20:54:54.115 CDT
Begin processing the 61st record. Run 1, Event 4959, LumiSection 50 at 19-Sep-2016 20:54:56.152 CDT
Begin processing the 71st record. Run 1, Event 4974, LumiSection 50 at 19-Sep-2016 20:54:58.006 CDT
Begin processing the 81st record. Run 1, Event 4985, LumiSection 50 at 19-Sep-2016 20:54:59.830 CDT
Begin processing the 91st record. Run 1, Event 4991, LumiSection 50 at 19-Sep-2016 20:55:02.413 CDT
19-Sep-2016 20:55:04 CDT  Closed file root://cmsxrootd-site.fnal.gov//store/relval/CMSSW_8_1_0_pre9/RelValSingleElectronPt35Extended/GEN-SIM-RECO/PU25ns_81X_mcRun2_asymptotic_v2_2023tiltedPU200-v1/10000/00C89AE8-2957-E611-9E24-0CC47A78A340.root
19-Sep-2016 20:55:04 CDT  Initiating request to open file root://cmsxrootd-site.fnal.gov//store/relval/CMSSW_8_1_0_pre9/RelValSingleElectronPt35Extended/GEN-SIM-RECO/PU25ns_81X_mcRun2_asymptotic_v2_2023tiltedPU200-v1/10000/00CD6A8B-6B57-E611-B4DD-0025905A6118.root
[2016-09-19 20:58:06.825610 -0500][Error  ][XRootD            ] [cmsdcadisk01.fnal.gov:1095] Unable to get the response to request kXR_open (file: /store/relval/CMSSW_8_1_0_pre9/RelValSingleElectronPt35Extended/GEN-SIM-RECO/PU25ns_81X_mcRun2_asymptotic_v2_2023tiltedPU200-v1/10000/00CD6A8B-6B57-E611-B4DD-0025905A6118.root, mode: 0660, flags: kXR_open_read kXR_async kXR_retstat )
%MSG-w XrdAdaptorInternal:  file_open 19-Sep-2016 20:58:06 CDT PostProcessEvent
Failed to open file at URL root://cmsdcadisk01.fnal.gov:1095//store/relval/CMSSW_8_1_0_pre9/RelValSingleElectronPt35Extended/GEN-SIM-RECO/PU25ns_81X_mcRun2_asymptotic_v2_2023tiltedPU200-v1/10000/00CD6A8B-6B57-E611-B4DD-0025905A6118.root.
%MSG
[2016-09-19 21:01:06.856723 -0500][Error  ][XRootD            ] [cmsdcadisk01.fnal.gov:1095] Unable to get the response to request kXR_open (file: /store/relval/CMSSW_8_1_0_pre9/RelValSingleElectronPt35Extended/GEN-SIM-RECO/PU25ns_81X_mcRun2_asymptotic_v2_2023tiltedPU200-v1/10000/00CD6A8B-6B57-E611-B4DD-0025905A6118.root?tried=, mode: 0660, flags: kXR_open_read kXR_async kXR_retstat )
%MSG-w XrdAdaptorInternal:  file_open 19-Sep-2016 21:01:06 CDT PostProcessEvent
Failed to open file at URL root://cmsdcadisk01.fnal.gov:1095//store/relval/CMSSW_8_1_0_pre9/RelValSingleElectronPt35Extended/GEN-SIM-RECO/PU25ns_81X_mcRun2_asymptotic_v2_2023tiltedPU200-v1/10000/00CD6A8B-6B57-E611-B4DD-0025905A6118.root?tried=.
%MSG
19-Sep-2016 21:01:06 CDT  Fallback request to file root://cmsxrootd.fnal.gov//store/relval/CMSSW_8_1_0_pre9/RelValSingleElectronPt35Extended/GEN-SIM-RECO/PU25ns_81X_mcRun2_asymptotic_v2_2023tiltedPU200-v1/10000/00CD6A8B-6B57-E611-B4DD-0025905A6118.root
[2016-09-19 21:04:12.088043 -0500][Error  ][XRootD            ] [cmsdcadisk01.fnal.gov:1095] Unable to get the response to request kXR_open (file: /store/relval/CMSSW_8_1_0_pre9/RelValSingleElectronPt35Extended/GEN-SIM-RECO/PU25ns_81X_mcRun2_asymptotic_v2_2023tiltedPU200-v1/10000/00CD6A8B-6B57-E611-B4DD-0025905A6118.root, mode: 0660, flags: kXR_open_read kXR_async kXR_retstat )
%MSG-w XrdAdaptorInternal:  file_open 19-Sep-2016 21:04:12 CDT PostProcessEvent
Failed to open file at URL root://cmsdcadisk01.fnal.gov:1095//store/relval/CMSSW_8_1_0_pre9/RelValSingleElectronPt35Extended/GEN-SIM-RECO/PU25ns_81X_mcRun2_asymptotic_v2_2023tiltedPU200-v1/10000/00CD6A8B-6B57-E611-B4DD-0025905A6118.root.
%MSG
[2016-09-19 21:07:12.376878 -0500][Error  ][XRootD            ] [cmsdcadisk01.fnal.gov:1095] Unable to get the response to request kXR_open (file: /store/relval/CMSSW_8_1_0_pre9/RelValSingleElectronPt35Extended/GEN-SIM-RECO/PU25ns_81X_mcRun2_asymptotic_v2_2023tiltedPU200-v1/10000/00CD6A8B-6B57-E611-B4DD-0025905A6118.root?tried=, mode: 0660, flags: kXR_open_read kXR_async kXR_retstat )
%MSG-w XrdAdaptorInternal:  file_open 19-Sep-2016 21:07:12 CDT PostProcessEvent
Failed to open file at URL root://cmsdcadisk01.fnal.gov:1095//store/relval/CMSSW_8_1_0_pre9/RelValSingleElectronPt35Extended/GEN-SIM-RECO/PU25ns_81X_mcRun2_asymptotic_v2_2023tiltedPU200-v1/10000/00CD6A8B-6B57-E611-B4DD-0025905A6118.root?tried=.
%MSG
----- Begin Fatal Exception 19-Sep-2016 21:07:12 CDT-----------------------
An exception of category 'FallbackFileOpenError' occurred while
   [0] Calling InputSource::readFile_
   [1] Calling RootFileSequenceBase::initTheFile()
   [2] Calling StorageFactory::open()
   [3] Calling XrdFile::open()
Exception Message:
Failed to open the file 'root://cmsxrootd.fnal.gov//store/relval/CMSSW_8_1_0_pre9/RelValSingleElectronPt35Extended/GEN-SIM-RECO/PU25ns_81X_mcRun2_asymptotic_v2_2023tiltedPU200-v1/10000/00CD6A8B-6B57-E611-B4DD-0025905A6118.root'
   Additional Info:
      [a] XrdCl::File::Open(name='root://cmsxrootd-site.fnal.gov//store/relval/CMSSW_8_1_0_pre9/RelValSingleElectronPt35Extended/GEN-SIM-RECO/PU25ns_81X_mcRun2_asymptotic_v2_2023tiltedPU200-v1/10000/00CD6A8B-6B57-E611-B4DD-0025905A6118.root', flags=0x10, permissions=0660) => error '[ERROR] Operation expired' (errno=0, code=206). No additional data servers were found.
      [b] Last URL tried: root://cmsdcadisk01.fnal.gov:1095//store/relval/CMSSW_8_1_0_pre9/RelValSingleElectronPt35Extended/GEN-SIM-RECO/PU25ns_81X_mcRun2_asymptotic_v2_2023tiltedPU200-v1/10000/00CD6A8B-6B57-E611-B4DD-0025905A6118.root?tried=
      [c] Problematic data server: cmsdcadisk01.fnal.gov:1095
      [d] Disabled source: cmsdcadisk01.fnal.gov:1095
      [e] Input file root://cmsxrootd-site.fnal.gov//store/relval/CMSSW_8_1_0_pre9/RelValSingleElectronPt35Extended/GEN-SIM-RECO/PU25ns_81X_mcRun2_asymptotic_v2_2023tiltedPU200-v1/10000/00CD6A8B-6B57-E611-B4DD-0025905A6118.root could not be opened.
Fallback Input file root://cmsxrootd.fnal.gov//store/relval/CMSSW_8_1_0_pre9/RelValSingleElectronPt35Extended/GEN-SIM-RECO/PU25ns_81X_mcRun2_asymptotic_v2_2023tiltedPU200-v1/10000/00CD6A8B-6B57-E611-B4DD-0025905A6118.root also could not be opened.
Original exception info is above; fallback exception info is below.
      [f] XrdCl::File::Open(name='root://cmsxrootd.fnal.gov//store/relval/CMSSW_8_1_0_pre9/RelValSingleElectronPt35Extended/GEN-SIM-RECO/PU25ns_81X_mcRun2_asymptotic_v2_2023tiltedPU200-v1/10000/00CD6A8B-6B57-E611-B4DD-0025905A6118.root', flags=0x10, permissions=0660) => error '[ERROR] Socket error' (errno=0, code=102). No additional data servers were found.
      [g] Last URL tried: root://cmsdcadisk01.fnal.gov:1095//store/relval/CMSSW_8_1_0_pre9/RelValSingleElectronPt35Extended/GEN-SIM-RECO/PU25ns_81X_mcRun2_asymptotic_v2_2023tiltedPU200-v1/10000/00CD6A8B-6B57-E611-B4DD-0025905A6118.root?tried=
      [h] Problematic data server: cmsdcadisk01.fnal.gov:1095
      [i] Disabled source: cmsdcadisk01.fnal.gov:1095
----- End Fatal Exception -------------------------------------------------

=============================================

MessageLogger Summary

 type     category        sev    module        subroutine        count    total
 ---- -------------------- -- ---------------- ----------------  -----    -----
    1 XrdAdaptorInternal   -w file_open                              4        4
    2 Fatal Exception      -s AfterFile                              1        1
    3 fileAction           -s file_close                             1        1
    4 fileAction           -s file_open                              4        4

 type    category    Examples: run/evt        run/evt          run/evt
 ---- -------------------- ---------------- ---------------- ----------------
    1 XrdAdaptorInternal   PostProcessEvent PostProcessEvent PostProcessEvent
    2 Fatal Exception      PostProcessEvent                  
    3 fileAction           PostProcessEvent                  
    4 fileAction           pre-events       pre-events       PostProcessEvent

Severity    # Occurrences   Total Occurrences
--------    -------------   -----------------
Warning                 4                   4
System                  6                   6
